#
# A fatal error has been detected by the Java Runtime Environment:
#
#  EXCEPTION_ACCESS_VIOLATION (0xc0000005) at pc=0x00007ffa8ec0e0a9, pid=15720, tid=14764
#
# JRE version: OpenJDK Runtime Environment Microsoft-8035246 (17.0.8+7) (build 17.0.8+7-LTS)
# Java VM: OpenJDK 64-Bit Server VM Microsoft-8035246 (17.0.8+7-LTS, mixed mode, sharing, tiered, compressed oops, compressed class ptrs, g1 gc, windows-amd64)
# Problematic frame:
# V  [jvm.dll+0x2be0a9]
#
# No core dump will be written. Minidumps are not enabled by default on client versions of Windows
#
# If you would like to submit a bug report, please visit:
#   https://github.com/microsoft/openjdk/issues
#

---------------  S U M M A R Y ------------

Command Line: -XX:MaxMetaspaceSize=1024m --add-opens=java.base/java.util=ALL-UNNAMED --add-opens=java.base/java.lang=ALL-UNNAMED --add-opens=java.base/java.lang.invoke=ALL-UNNAMED --add-opens=java.prefs/java.util.prefs=ALL-UNNAMED --add-opens=java.base/java.nio.charset=ALL-UNNAMED --add-opens=java.base/java.net=ALL-UNNAMED --add-opens=java.base/java.util.concurrent.atomic=ALL-UNNAMED -Xmx4096m -Dfile.encoding=windows-1252 -Duser.country=US -Duser.language=en -Duser.variant -javaagent:C:\Users\jpc\.gradle\wrapper\dists\gradle-8.3-all\6en3ugtfdg5xnpx44z4qbwgas\gradle-8.3\lib\agents\gradle-instrumentation-agent-8.3.jar org.gradle.launcher.daemon.bootstrap.GradleDaemon 8.3

Host: AMD A6-6310 APU with AMD Radeon R4 Graphics    , 4 cores, 10G,  Windows 10 , 64 bit Build 19041 (10.0.19041.3636)
Time: Tue Apr  9 15:55:52 2024 Pakistan Standard Time elapsed time: 156.951304 seconds (0d 0h 2m 36s)

---------------  T H R E A D  ---------------

Current thread (0x000001937eeecd10):  JavaThread "C2 CompilerThread0" daemon [_thread_in_native, id=14764, stack(0x0000008c25e00000,0x0000008c25f00000)]


Current CompileTask:
C2: 156951 16255       4       org.gradle.cache.internal.ExclusiveCacheAccessingWorker$1::call (10 bytes)

Stack: [0x0000008c25e00000,0x0000008c25f00000],  sp=0x0000008c25efb8a0,  free space=1006k
Native frames: (J=compiled Java code, j=interpreted, Vv=VM code, C=native code)
V  [jvm.dll+0x2be0a9]
V  [jvm.dll+0x21ba8b]
V  [jvm.dll+0x21944b]
V  [jvm.dll+0x1a56b6]
V  [jvm.dll+0x2291ea]
V  [jvm.dll+0x22724c]
V  [jvm.dll+0x7efd0c]
V  [jvm.dll+0x7ea13a]
V  [jvm.dll+0x67ad85]
C  [ucrtbase.dll+0x21bb2]
C  [KERNEL32.DLL+0x17344]
C  [ntdll.dll+0x526b1]


siginfo: EXCEPTION_ACCESS_VIOLATION (0xc0000005), reading address 0x0000000000000028


Register to memory mapping:

RIP=0x00007ffa8ec0e0a9 jvm.dll
RAX=0x00000193655caf40 points into unknown readable memory: 0x0000000000000000 | 00 00 00 00 00 00 00 00
RBX=0x0000000000001952 is an unknown value
RCX=0x00000193655daf40 points into unknown readable memory: 0x0000000000000000 | 00 00 00 00 00 00 00 00
RDX=0x0 is NULL
RSP=0x0000008c25efb8a0 is pointing into the stack for thread: 0x000001937eeecd10
RBP=0x0000008c25efb910 is pointing into the stack for thread: 0x000001937eeecd10
RSI=0x0 is NULL
RDI=0x0000000000000051 is an unknown value
R8 =0x0 is NULL
R9 =0x0 is NULL
R10=0x00007ffac0e20000 VCRUNTIME140.dll
R11=0x00000193655caf60 points into unknown readable memory: 0x0000000000000000 | 00 00 00 00 00 00 00 00
R12=0x0000000000000050 is an unknown value
R13=0x0 is NULL
R14=0x0 is NULL
R15=0x0000008c25efeac0 is pointing into the stack for thread: 0x000001937eeecd10


Registers:
RAX=0x00000193655caf40, RBX=0x0000000000001952, RCX=0x00000193655daf40, RDX=0x0000000000000000
RSP=0x0000008c25efb8a0, RBP=0x0000008c25efb910, RSI=0x0000000000000000, RDI=0x0000000000000051
R8 =0x0000000000000000, R9 =0x0000000000000000, R10=0x00007ffac0e20000, R11=0x00000193655caf60
R12=0x0000000000000050, R13=0x0000000000000000, R14=0x0000000000000000, R15=0x0000008c25efeac0
RIP=0x00007ffa8ec0e0a9, EFLAGS=0x0000000000010246

Top of Stack: (sp=0x0000008c25efb8a0)
0x0000008c25efb8a0:   0000000000001952 0000000000000000
0x0000008c25efb8b0:   0000008c25efeac0 00007ffa8eb738d1
0x0000008c25efb8c0:   000001937eee0340 00007ffa00002000
0x0000008c25efb8d0:   00000193655caf40 0000019300000000
0x0000008c25efb8e0:   0000000000000002 000001936317e9e0
0x0000008c25efb8f0:   0000000000000002 000001937eee0340
0x0000008c25efb900:   0000000000000000 0000000000000000
0x0000008c25efb910:   00000193790a2bb0 000001937b15d300
0x0000008c25efb920:   0000000000000051 00007ffa8f294c08
0x0000008c25efb930:   0000008c25efba40 00007ffa8eb6ba8b
0x0000008c25efb940:   0000008c25efeac0 00007ffa8f294c08
0x0000008c25efb950:   0000008c25efeac0 0000008c25efba40
0x0000008c25efb960:   0000008c00000000 0000008c25eff620
0x0000008c25efb970:   0000008c0000000f 0000008c25efeac0
0x0000008c25efb980:   0000008c25efbaf0 00007ffa00000000
0x0000008c25efb990:   0000019300000100 00007ffa8f294c08 

Instructions: (pc=0x00007ffa8ec0e0a9)
0x00007ffa8ec0dfa9:   3b d0 75 0b ff c1 41 3b c9 7c dc 48 8b c2 c3 33
0x00007ffa8ec0dfb9:   c0 c3 cc cc cc cc cc 48 89 5c 24 18 55 56 57 41
0x00007ffa8ec0dfc9:   55 41 57 48 8b ec 48 83 ec 70 65 48 8b 04 25 58
0x00007ffa8ec0dfd9:   00 00 00 48 8b f2 44 8b 05 d2 8b 90 00 4c 8b f9
0x00007ffa8ec0dfe9:   4a 8b 1c c0 b8 50 00 00 00 80 3c 18 00 75 05 e8
0x00007ffa8ec0dff9:   8b 6f 5d 00 b8 20 00 00 00 48 8b 04 18 48 8b 98
0x00007ffa8ec0e009:   38 02 00 00 48 89 5d b0 c7 45 b8 04 00 00 00 48
0x00007ffa8ec0e019:   8b 43 18 48 83 f8 df 76 18 4c 8d 05 37 a9 65 00
0x00007ffa8ec0e029:   ba 20 00 00 00 48 8b cb e8 5a eb de ff 48 8b 43
0x00007ffa8ec0e039:   18 48 8d 48 20 48 3b 4b 20 76 11 45 33 c0 48 8b
0x00007ffa8ec0e049:   cb 41 8d 50 20 e8 fd e8 de ff eb 04 48 89 4b 18
0x00007ffa8ec0e059:   44 8b 45 b8 33 d2 49 c1 e0 03 48 8b c8 48 89 45
0x00007ffa8ec0e069:   c0 e8 e3 80 5d 00 45 33 ed 48 8d 4d d0 44 89 6d
0x00007ffa8ec0e079:   c8 e8 01 59 56 00 41 8b 9f 40 02 00 00 41 2b 9f
0x00007ffa8ec0e089:   68 02 00 00 44 89 6d f0 3b 5d b8 72 0b 8b d3 48
0x00007ffa8ec0e099:   8d 4d b0 e8 6f b3 39 00 48 8b 45 c0 4c 89 2c d8
0x00007ffa8ec0e0a9:   8b 7e 28 8b df c1 eb 05 3b 5d d0 72 0b 8b d3 48
0x00007ffa8ec0e0b9:   8d 4d d0 e8 1f 59 56 00 48 8b 45 d8 83 e7 1f 48
0x00007ffa8ec0e0c9:   8d 14 98 40 0f b6 cf 41 b8 01 00 00 00 41 d3 e0
0x00007ffa8ec0e0d9:   8b 0a 8b c1 41 0b c0 89 02 41 85 c8 75 21 8b 5d
0x00007ffa8ec0e0e9:   c8 8d 43 01 89 45 c8 3b 5d b8 72 0b 8b d3 48 8d
0x00007ffa8ec0e0f9:   4d b0 e8 10 b3 39 00 48 8b 45 c0 48 89 34 d8 44
0x00007ffa8ec0e109:   39 6d c8 0f 86 77 01 00 00 4c 89 a4 24 a0 00 00
0x00007ffa8ec0e119:   00 4c 89 b4 24 a8 00 00 00 48 8b 45 c0 41 8b cd
0x00007ffa8ec0e129:   48 8b 34 c8 8b 46 2c 25 ff 1f 00 00 3d 04 10 00
0x00007ffa8ec0e139:   00 0f 85 a7 00 00 00 bb 01 00 00 00 39 5e 18 76
0x00007ffa8ec0e149:   39 66 0f 1f 44 00 00 48 8b 46 08 8b cb 48 8b 14
0x00007ffa8ec0e159:   c8 48 85 d2 74 1d 48 83 7a 10 00 74 16 80 7a 2c
0x00007ffa8ec0e169:   84 74 10 e8 7f 7e ee ff 48 8b d0 49 8b cf e8 a4
0x00007ffa8ec0e179:   61 f6 ff ff c3 3b 5e 18 72 cd 48 8b 5e 10 8b 46
0x00007ffa8ec0e189:   20 4c 8d 34 c3 49 3b de 73 54 48 8b 3b 8b 47 2c
0x00007ffa8ec0e199:   83 e0 03 3c 03 75 2e 48 8b 07 48 8b cf ff 90 88 


Stack slot to memory mapping:
stack at sp + 0 slots: 0x0000000000001952 is an unknown value
stack at sp + 1 slots: 0x0 is NULL
stack at sp + 2 slots: 0x0000008c25efeac0 is pointing into the stack for thread: 0x000001937eeecd10
stack at sp + 3 slots: 0x00007ffa8eb738d1 jvm.dll
stack at sp + 4 slots: 0x000001937eee0340 points into unknown readable memory: 0x0000000000000006 | 06 00 00 00 00 00 00 00
stack at sp + 5 slots: 0x00007ffa00002000 is an unknown value
stack at sp + 6 slots: 0x00000193655caf40 points into unknown readable memory: 0x0000000000000000 | 00 00 00 00 00 00 00 00
stack at sp + 7 slots: 0x0000019300000000 points into unknown readable memory: 0x00010000cafedada | da da fe ca 00 00 01 00


---------------  P R O C E S S  ---------------

Threads class SMR info:
_java_thread_list=0x000001931ebd3b10, length=92, elements={
0x000001937b1463f0, 0x000001937eec7230, 0x000001937eec7fc0, 0x000001937eedc9f0,
0x000001937eedd580, 0x000001937eedee60, 0x000001937eee0740, 0x000001937eeecd10,
0x000001937eef2650, 0x000001937eefb730, 0x000001937eeb3190, 0x000001931ec783e0,
0x000001935a10ba20, 0x00000193595fa280, 0x0000019359a90a50, 0x0000019359425030,
0x0000019358b0c060, 0x0000019359231ff0, 0x0000019359231ae0, 0x0000019359232a10,
0x0000019359232f20, 0x0000019359233430, 0x000001931edb2060, 0x000001931edb2570,
0x000001931edb7670, 0x000001931edb8ab0, 0x000001931edb43d0, 0x000001931edb6c50,
0x000001931edb7160, 0x000001931edb7b80, 0x000001931edb2a80, 0x000001931edb8090,
0x000001931edb99e0, 0x000001931edb3ec0, 0x000001931edb4df0, 0x000001935a792350,
0x000001935a790a00, 0x000001935a790f10, 0x000001935a793280, 0x000001935a792860,
0x000001935a792d70, 0x000001935a7955f0, 0x000001935a7941b0, 0x000001935a796a30,
0x000001935a797960, 0x000001935a7946c0, 0x000001935a795b00, 0x000001935a7904f0,
0x000001935a796520, 0x000001935a791420, 0x0000019358209d10, 0x000001935820a730,
0x0000019358205630, 0x000001935820ac40, 0x000001935820a220, 0x00000193582092f0,
0x00000193582041f0, 0x0000019358205b40, 0x0000019358207eb0, 0x000001935820b150,
0x000001935820b660, 0x0000019358207490, 0x00000193582088d0, 0x0000019358206560,
0x0000019358209800, 0x000001931edb94d0, 0x000001935b459d30, 0x000001935b459820,
0x000001935b45bb90, 0x000001935b45f340, 0x000001935b45a240, 0x000001935b45c5b0,
0x000001935b4588f0, 0x000001935b45ac60, 0x000001935b457ed0, 0x000001935b45b170,
0x000001935b45e920, 0x000001935b45d9f0, 0x000001935b45df00, 0x000001935b45f850,
0x000001935b4583e0, 0x000001935b45ee30, 0x000001935b458e00, 0x000001935b459310,
0x000001935a796010, 0x000001935a796f40, 0x000001935a797450, 0x000001935a797e70,
0x0000019359232500, 0x000001935c319100, 0x000001935c317cc0, 0x000001935b773ae0
}

Java Threads: ( => current thread )
  0x000001937b1463f0 JavaThread "main" [_thread_blocked, id=14568, stack(0x0000008c25100000,0x0000008c25200000)]
  0x000001937eec7230 JavaThread "Reference Handler" daemon [_thread_blocked, id=10228, stack(0x0000008c25800000,0x0000008c25900000)]
  0x000001937eec7fc0 JavaThread "Finalizer" daemon [_thread_blocked, id=5472, stack(0x0000008c25900000,0x0000008c25a00000)]
  0x000001937eedc9f0 JavaThread "Signal Dispatcher" daemon [_thread_blocked, id=11524, stack(0x0000008c25a00000,0x0000008c25b00000)]
  0x000001937eedd580 JavaThread "Attach Listener" daemon [_thread_blocked, id=6068, stack(0x0000008c25b00000,0x0000008c25c00000)]
  0x000001937eedee60 JavaThread "Service Thread" daemon [_thread_blocked, id=15532, stack(0x0000008c25c00000,0x0000008c25d00000)]
  0x000001937eee0740 JavaThread "Monitor Deflation Thread" daemon [_thread_blocked, id=5108, stack(0x0000008c25d00000,0x0000008c25e00000)]
=>0x000001937eeecd10 JavaThread "C2 CompilerThread0" daemon [_thread_in_native, id=14764, stack(0x0000008c25e00000,0x0000008c25f00000)]
  0x000001937eef2650 JavaThread "C1 CompilerThread0" daemon [_thread_blocked, id=14120, stack(0x0000008c25f00000,0x0000008c26000000)]
  0x000001937eefb730 JavaThread "Sweeper thread" daemon [_thread_blocked, id=11108, stack(0x0000008c26000000,0x0000008c26100000)]
  0x000001937eeb3190 JavaThread "Common-Cleaner" daemon [_thread_blocked, id=16368, stack(0x0000008c26100000,0x0000008c26200000)]
  0x000001931ec783e0 JavaThread "Notification Thread" daemon [_thread_blocked, id=5588, stack(0x0000008c26200000,0x0000008c26300000)]
  0x000001935a10ba20 JavaThread "Daemon health stats" [_thread_blocked, id=15836, stack(0x0000008c26800000,0x0000008c26900000)]
  0x00000193595fa280 JavaThread "Incoming local TCP Connector on port 62453" [_thread_in_native, id=9904, stack(0x0000008c26400000,0x0000008c26500000)]
  0x0000019359a90a50 JavaThread "Daemon periodic checks" [_thread_blocked, id=12692, stack(0x0000008c26900000,0x0000008c26a00000)]
  0x0000019359425030 JavaThread "Daemon" [_thread_blocked, id=13352, stack(0x0000008c26a00000,0x0000008c26b00000)]
  0x0000019358b0c060 JavaThread "Handler for socket connection from /127.0.0.1:62453 to /127.0.0.1:62454" [_thread_in_native, id=9784, stack(0x0000008c26b00000,0x0000008c26c00000)]
  0x0000019359231ff0 JavaThread "Cancel handler" [_thread_blocked, id=8460, stack(0x0000008c26c00000,0x0000008c26d00000)]
  0x0000019359231ae0 JavaThread "Daemon worker" [_thread_blocked, id=8104, stack(0x0000008c26d00000,0x0000008c26e00000)]
  0x0000019359232a10 JavaThread "Asynchronous log dispatcher for DefaultDaemonConnection: socket connection from /127.0.0.1:62453 to /127.0.0.1:62454" [_thread_blocked, id=16248, stack(0x0000008c26e00000,0x0000008c26f00000)]
  0x0000019359232f20 JavaThread "Stdin handler" [_thread_blocked, id=8304, stack(0x0000008c26f00000,0x0000008c27000000)]
  0x0000019359233430 JavaThread "Daemon client event forwarder" [_thread_blocked, id=12676, stack(0x0000008c27000000,0x0000008c27100000)]
  0x000001931edb2060 JavaThread "Cache worker for journal cache (C:\Users\jpc\.gradle\caches\journal-1)" [_thread_blocked, id=12396, stack(0x0000008c27100000,0x0000008c27200000)]
  0x000001931edb2570 JavaThread "File lock request listener" [_thread_in_native, id=15728, stack(0x0000008c27200000,0x0000008c27300000)]
  0x000001931edb7670 JavaThread "Cache worker for file hash cache (C:\Users\jpc\.gradle\caches\8.3\fileHashes)" [_thread_blocked, id=6292, stack(0x0000008c27300000,0x0000008c27400000)]
  0x000001931edb8ab0 JavaThread "File watcher server" daemon [_thread_in_native, id=13516, stack(0x0000008c27500000,0x0000008c27600000)]
  0x000001931edb43d0 JavaThread "File watcher consumer" daemon [_thread_blocked, id=15524, stack(0x0000008c27600000,0x0000008c27700000)]
  0x000001931edb6c50 JavaThread "Cache worker for checksums cache (E:\Mywork\IPTVApp\IptvApp\android\.gradle\8.3\checksums)" [_thread_blocked, id=4664, stack(0x0000008c27700000,0x0000008c27800000)]
  0x000001931edb7160 JavaThread "Cache worker for file hash cache (E:\Mywork\IPTVApp\IptvApp\android\.gradle\8.3\fileHashes)" [_thread_blocked, id=14940, stack(0x0000008c27800000,0x0000008c27900000)]
  0x000001931edb7b80 JavaThread "Cache worker for cache directory md-supplier (C:\Users\jpc\.gradle\caches\8.3\md-supplier)" [_thread_blocked, id=1484, stack(0x0000008c27900000,0x0000008c27a00000)]
  0x000001931edb2a80 JavaThread "Cache worker for file content cache (C:\Users\jpc\.gradle\caches\8.3\fileContent)" [_thread_blocked, id=10192, stack(0x0000008c27a00000,0x0000008c27b00000)]
  0x000001931edb8090 JavaThread "Cache worker for cache directory md-rule (C:\Users\jpc\.gradle\caches\8.3\md-rule)" [_thread_blocked, id=1844, stack(0x0000008c27b00000,0x0000008c27c00000)]
  0x000001931edb99e0 JavaThread "Cache worker for execution history cache (C:\Users\jpc\.gradle\caches\8.3\executionHistory)" [_thread_blocked, id=616, stack(0x0000008c27c00000,0x0000008c27d00000)]
  0x000001931edb3ec0 JavaThread "jar transforms" [_thread_blocked, id=1928, stack(0x0000008c27e00000,0x0000008c27f00000)]
  0x000001931edb4df0 JavaThread "jar transforms Thread 2" [_thread_blocked, id=14364, stack(0x0000008c27f00000,0x0000008c28000000)]
  0x000001935a792350 JavaThread "jar transforms Thread 3" [_thread_blocked, id=1628, stack(0x0000008c28000000,0x0000008c28100000)]
  0x000001935a790a00 JavaThread "jar transforms Thread 4" [_thread_blocked, id=72, stack(0x0000008c28100000,0x0000008c28200000)]
  0x000001935a790f10 JavaThread "Cache worker for kotlin-dsl (C:\Users\jpc\.gradle\caches\8.3\kotlin-dsl)" [_thread_blocked, id=2084, stack(0x0000008c28400000,0x0000008c28500000)]
  0x000001935a793280 JavaThread "Unconstrained build operations" [_thread_blocked, id=9888, stack(0x0000008c24e00000,0x0000008c24f00000)]
  0x000001935a792860 JavaThread "Unconstrained build operations Thread 2" [_thread_blocked, id=11320, stack(0x0000008c25000000,0x0000008c25100000)]
  0x000001935a792d70 JavaThread "Cache worker for dependencies-accessors (E:\Mywork\IPTVApp\IptvApp\android\.gradle\8.3\dependencies-accessors)" [_thread_blocked, id=7884, stack(0x0000008c28500000,0x0000008c28600000)]
  0x000001935a7955f0 JavaThread "Cache worker for Build Output Cleanup Cache (E:\Mywork\IPTVApp\IptvApp\node_modules\@react-native\gradle-plugin\.gradle\buildOutputCleanup)" [_thread_blocked, id=5036, stack(0x0000008c28600000,0x0000008c28700000)]
  0x000001935a7941b0 JavaThread "Unconstrained build operations Thread 3" [_thread_blocked, id=11648, stack(0x0000008c28700000,0x0000008c28800000)]
  0x000001935a796a30 JavaThread "Unconstrained build operations Thread 4" [_thread_blocked, id=5296, stack(0x0000008c28800000,0x0000008c28900000)]
  0x000001935a797960 JavaThread "Unconstrained build operations Thread 5" [_thread_in_native, id=10008, stack(0x0000008c28900000,0x0000008c28a00000)]
  0x000001935a7946c0 JavaThread "Memory manager" [_thread_blocked, id=9192, stack(0x0000008c28a00000,0x0000008c28b00000)]
  0x000001935a795b00 JavaThread "Cache worker for Build Output Cleanup Cache (E:\Mywork\IPTVApp\IptvApp\android\.gradle\buildOutputCleanup)" [_thread_blocked, id=3900, stack(0x0000008c28b00000,0x0000008c28c00000)]
  0x000001935a7904f0 JavaThread "ForkJoinPool.commonPool-worker-1" daemon [_thread_blocked, id=15436, stack(0x0000008c28c00000,0x0000008c28d00000)]
  0x000001935a796520 JavaThread "ForkJoinPool.commonPool-worker-2" daemon [_thread_blocked, id=12904, stack(0x0000008c28d00000,0x0000008c28e00000)]
  0x000001935a791420 JavaThread "ForkJoinPool.commonPool-worker-3" daemon [_thread_blocked, id=1432, stack(0x0000008c28e00000,0x0000008c28f00000)]
  0x0000019358209d10 JavaThread "Execution worker" [_thread_blocked, id=12876, stack(0x0000008c29300000,0x0000008c29400000)]
  0x000001935820a730 JavaThread "Execution worker Thread 2" [_thread_blocked, id=16076, stack(0x0000008c29400000,0x0000008c29500000)]
  0x0000019358205630 JavaThread "Execution worker Thread 3" [_thread_blocked, id=15464, stack(0x0000008c29500000,0x0000008c29600000)]
  0x000001935820ac40 JavaThread "Cache worker for execution history cache (E:\Mywork\IPTVApp\IptvApp\node_modules\@react-native\gradle-plugin\.gradle\8.3\executionHistory)" [_thread_blocked, id=15988, stack(0x0000008c29600000,0x0000008c29700000)]
  0x000001935820a220 JavaThread "Unconstrained build operations Thread 6" [_thread_blocked, id=13388, stack(0x0000008c29700000,0x0000008c29800000)]
  0x00000193582092f0 JavaThread "Unconstrained build operations Thread 7" [_thread_blocked, id=12064, stack(0x0000008c29800000,0x0000008c29900000)]
  0x00000193582041f0 JavaThread "Unconstrained build operations Thread 8" [_thread_blocked, id=5592, stack(0x0000008c29900000,0x0000008c29a00000)]
  0x0000019358205b40 JavaThread "Unconstrained build operations Thread 9" [_thread_blocked, id=11048, stack(0x0000008c29a00000,0x0000008c29b00000)]
  0x0000019358207eb0 JavaThread "Unconstrained build operations Thread 10" [_thread_blocked, id=6876, stack(0x0000008c29b00000,0x0000008c29c00000)]
  0x000001935820b150 JavaThread "Unconstrained build operations Thread 11" [_thread_blocked, id=15800, stack(0x0000008c28300000,0x0000008c28400000)]
  0x000001935820b660 JavaThread "Unconstrained build operations Thread 12" [_thread_blocked, id=4576, stack(0x0000008c29c00000,0x0000008c29d00000)]
  0x0000019358207490 JavaThread "Unconstrained build operations Thread 13" [_thread_blocked, id=6812, stack(0x0000008c29d00000,0x0000008c29e00000)]
  0x00000193582088d0 JavaThread "Unconstrained build operations Thread 14" [_thread_blocked, id=988, stack(0x0000008c29f00000,0x0000008c2a000000)]
  0x0000019358206560 JavaThread "Unconstrained build operations Thread 15" [_thread_blocked, id=6324, stack(0x0000008c2a000000,0x0000008c2a100000)]
  0x0000019358209800 JavaThread "Unconstrained build operations Thread 16" [_thread_blocked, id=9416, stack(0x0000008c2a100000,0x0000008c2a200000)]
  0x000001931edb94d0 JavaThread "Unconstrained build operations Thread 17" [_thread_blocked, id=14536, stack(0x0000008c2a300000,0x0000008c2a400000)]
  0x000001935b459d30 JavaThread "Unconstrained build operations Thread 18" [_thread_blocked, id=16220, stack(0x0000008c2a400000,0x0000008c2a500000)]
  0x000001935b459820 JavaThread "Unconstrained build operations Thread 19" [_thread_blocked, id=6084, stack(0x0000008c2a500000,0x0000008c2a600000)]
  0x000001935b45bb90 JavaThread "Unconstrained build operations Thread 20" [_thread_blocked, id=7280, stack(0x0000008c2a600000,0x0000008c2a700000)]
  0x000001935b45f340 JavaThread "Unconstrained build operations Thread 21" [_thread_blocked, id=3456, stack(0x0000008c2a700000,0x0000008c2a800000)]
  0x000001935b45a240 JavaThread "Unconstrained build operations Thread 22" [_thread_blocked, id=3976, stack(0x0000008c2a800000,0x0000008c2a900000)]
  0x000001935b45c5b0 JavaThread "Unconstrained build operations Thread 23" [_thread_blocked, id=16072, stack(0x0000008c2a900000,0x0000008c2aa00000)]
  0x000001935b4588f0 JavaThread "Unconstrained build operations Thread 24" [_thread_blocked, id=6248, stack(0x0000008c2aa00000,0x0000008c2ab00000)]
  0x000001935b45ac60 JavaThread "Unconstrained build operations Thread 25" [_thread_blocked, id=10888, stack(0x0000008c2ab00000,0x0000008c2ac00000)]
  0x000001935b457ed0 JavaThread "Unconstrained build operations Thread 26" [_thread_blocked, id=16004, stack(0x0000008c2ac00000,0x0000008c2ad00000)]
  0x000001935b45b170 JavaThread "Unconstrained build operations Thread 27" [_thread_blocked, id=11976, stack(0x0000008c2ad00000,0x0000008c2ae00000)]
  0x000001935b45e920 JavaThread "Unconstrained build operations Thread 28" [_thread_blocked, id=8880, stack(0x0000008c2ae00000,0x0000008c2af00000)]
  0x000001935b45d9f0 JavaThread "included builds Thread 2" [_thread_blocked, id=9384, stack(0x0000008c28f00000,0x0000008c29000000)]
  0x000001935b45df00 JavaThread "Unconstrained build operations Thread 29" [_thread_blocked, id=2508, stack(0x0000008c29000000,0x0000008c29100000)]
  0x000001935b45f850 JavaThread "Unconstrained build operations Thread 30" [_thread_blocked, id=13756, stack(0x0000008c29100000,0x0000008c29200000)]
  0x000001935b4583e0 JavaThread "Unconstrained build operations Thread 31" [_thread_blocked, id=8684, stack(0x0000008c29200000,0x0000008c29300000)]
  0x000001935b45ee30 JavaThread "Unconstrained build operations Thread 32" [_thread_blocked, id=6596, stack(0x0000008c2af00000,0x0000008c2b000000)]
  0x000001935b458e00 JavaThread "Unconstrained build operations Thread 33" [_thread_blocked, id=5828, stack(0x0000008c2b000000,0x0000008c2b100000)]
  0x000001935b459310 JavaThread "Unconstrained build operations Thread 34" [_thread_blocked, id=1620, stack(0x0000008c2b100000,0x0000008c2b200000)]
  0x000001935a796010 JavaThread "Unconstrained build operations Thread 35" [_thread_blocked, id=12160, stack(0x0000008c2b200000,0x0000008c2b300000)]
  0x000001935a796f40 JavaThread "Unconstrained build operations Thread 36" [_thread_blocked, id=4264, stack(0x0000008c2b300000,0x0000008c2b400000)]
  0x000001935a797450 JavaThread "Unconstrained build operations Thread 37" [_thread_blocked, id=2512, stack(0x0000008c2b400000,0x0000008c2b500000)]
  0x000001935a797e70 JavaThread "Unconstrained build operations Thread 38" [_thread_blocked, id=15768, stack(0x0000008c2b500000,0x0000008c2b600000)]
  0x0000019359232500 JavaThread "Cache worker for execution history cache (E:\Mywork\IPTVApp\IptvApp\android\.gradle\8.3\executionHistory)" [_thread_blocked, id=13748, stack(0x0000008c2b600000,0x0000008c2b700000)]
  0x000001935c319100 JavaThread "Unconstrained build operations Thread 39" [_thread_blocked, id=16060, stack(0x0000008c2b700000,0x0000008c2b800000)]
  0x000001935c317cc0 JavaThread "Unconstrained build operations Thread 40" [_thread_blocked, id=16040, stack(0x0000008c2b800000,0x0000008c2b900000)]
  0x000001935b773ae0 JavaThread "C2 CompilerThread1" daemon [_thread_in_native, id=12380, stack(0x0000008c29e00000,0x0000008c29f00000)]

Other Threads:
  0x000001937eec2710 VMThread "VM Thread" [stack: 0x0000008c25700000,0x0000008c25800000] [id=16116]
  0x000001937b1470c0 WatcherThread [stack: 0x0000008c26300000,0x0000008c26400000] [id=15832]
  0x000001937b1b3c00 GCTaskThread "GC Thread#0" [stack: 0x0000008c25200000,0x0000008c25300000] [id=788]
  0x000001931ee92380 GCTaskThread "GC Thread#1" [stack: 0x0000008c26500000,0x0000008c26600000] [id=9540]
  0x00000193582cd730 GCTaskThread "GC Thread#2" [stack: 0x0000008c26600000,0x0000008c26700000] [id=4468]
  0x000001931ef4d8a0 GCTaskThread "GC Thread#3" [stack: 0x0000008c26700000,0x0000008c26800000] [id=13544]
  0x000001937b1c6b60 ConcurrentGCThread "G1 Main Marker" [stack: 0x0000008c25300000,0x0000008c25400000] [id=4268]
  0x000001937b1c9d20 ConcurrentGCThread "G1 Conc#0" [stack: 0x0000008c25400000,0x0000008c25500000] [id=6076]
  0x000001937ed820c0 ConcurrentGCThread "G1 Refine#0" [stack: 0x0000008c25500000,0x0000008c25600000] [id=300]
  0x000001935adafef0 ConcurrentGCThread "G1 Refine#1" [stack: 0x0000008c27400000,0x0000008c27500000] [id=1480]
  0x000001935b32fb90 ConcurrentGCThread "G1 Refine#2" [stack: 0x0000008c2a200000,0x0000008c2a300000] [id=8840]
  0x000001937ed82a00 ConcurrentGCThread "G1 Service" [stack: 0x0000008c25600000,0x0000008c25700000] [id=9372]

Threads with active compile tasks:
C2 CompilerThread0   157067 16255       4       org.gradle.cache.internal.ExclusiveCacheAccessingWorker$1::call (10 bytes)
C2 CompilerThread1   157067 16265   !   4       com.google.common.cache.LocalCache$Segment::lockedGetOrLoad (447 bytes)

VM state: not at safepoint (normal execution)

VM Mutex/Monitor currently owned by a thread: None

Heap address: 0x0000000700000000, size: 4096 MB, Compressed Oops mode: Zero based, Oop shift amount: 3

CDS archive(s) mapped at: [0x000001931f000000-0x000001931fbd0000-0x000001931fbd0000), size 12386304, SharedBaseAddress: 0x000001931f000000, ArchiveRelocationMode: 1.
Compressed class space mapped at: 0x0000019320000000-0x0000019354000000, reserved size: 872415232
Narrow klass base: 0x000001931f000000, Narrow klass shift: 0, Narrow klass range: 0x100000000

GC Precious Log:
 CPUs: 4 total, 4 available
 Memory: 11225M
 Large Page Support: Disabled
 NUMA Support: Disabled
 Compressed Oops: Enabled (Zero based)
 Heap Region Size: 2M
 Heap Min Capacity: 8M
 Heap Initial Capacity: 176M
 Heap Max Capacity: 4G
 Pre-touch: Disabled
 Parallel Workers: 4
 Concurrent Workers: 1
 Concurrent Refinement Workers: 4
 Periodic GC: Disabled

Heap:
 garbage-first heap   total 380928K, used 236517K [0x0000000700000000, 0x0000000800000000)
  region size 2048K, 24 young (49152K), 5 survivors (10240K)
 Metaspace       used 105066K, committed 106176K, reserved 983040K
  class space    used 14527K, committed 15040K, reserved 851968K

Heap Regions: E=young(eden), S=young(survivor), O=old, HS=humongous(starts), HC=humongous(continues), CS=collection set, F=free, OA=open archive, CA=closed archive, TAMS=top-at-mark-start (previous, next)
|   0|0x0000000700000000, 0x0000000700200000, 0x0000000700200000|100%| O|  |TAMS 0x0000000700200000, 0x0000000700000000| Untracked 
|   1|0x0000000700200000, 0x0000000700400000, 0x0000000700400000|100%|HS|  |TAMS 0x0000000700400000, 0x0000000700200000| Complete 
|   2|0x0000000700400000, 0x0000000700600000, 0x0000000700600000|100%|HC|  |TAMS 0x0000000700600000, 0x0000000700400000| Complete 
|   3|0x0000000700600000, 0x0000000700800000, 0x0000000700800000|100%| O|  |TAMS 0x0000000700800000, 0x0000000700600000| Untracked 
|   4|0x0000000700800000, 0x0000000700a00000, 0x0000000700a00000|100%| O|  |TAMS 0x0000000700a00000, 0x0000000700800000| Untracked 
|   5|0x0000000700a00000, 0x0000000700c00000, 0x0000000700c00000|100%| O|  |TAMS 0x0000000700c00000, 0x0000000700a00000| Untracked 
|   6|0x0000000700c00000, 0x0000000700e00000, 0x0000000700e00000|100%| O|  |TAMS 0x0000000700e00000, 0x0000000700c00000| Untracked 
|   7|0x0000000700e00000, 0x0000000701000000, 0x0000000701000000|100%| O|  |TAMS 0x0000000701000000, 0x0000000700e00000| Untracked 
|   8|0x0000000701000000, 0x0000000701200000, 0x0000000701200000|100%| O|  |TAMS 0x0000000701200000, 0x0000000701000000| Untracked 
|   9|0x0000000701200000, 0x0000000701400000, 0x0000000701400000|100%| O|  |TAMS 0x0000000701400000, 0x0000000701200000| Untracked 
|  10|0x0000000701400000, 0x0000000701600000, 0x0000000701600000|100%| O|  |TAMS 0x0000000701600000, 0x0000000701400000| Untracked 
|  11|0x0000000701600000, 0x0000000701800000, 0x0000000701800000|100%| O|  |TAMS 0x0000000701800000, 0x0000000701600000| Untracked 
|  12|0x0000000701800000, 0x0000000701a00000, 0x0000000701a00000|100%| O|  |TAMS 0x0000000701a00000, 0x0000000701800000| Untracked 
|  13|0x0000000701a00000, 0x0000000701c00000, 0x0000000701c00000|100%| O|  |TAMS 0x0000000701c00000, 0x0000000701a00000| Untracked 
|  14|0x0000000701c00000, 0x0000000701e00000, 0x0000000701e00000|100%| O|  |TAMS 0x0000000701e00000, 0x0000000701c00000| Untracked 
|  15|0x0000000701e00000, 0x0000000702000000, 0x0000000702000000|100%| O|  |TAMS 0x0000000702000000, 0x0000000701e00000| Untracked 
|  16|0x0000000702000000, 0x0000000702200000, 0x0000000702200000|100%| O|  |TAMS 0x0000000702200000, 0x0000000702000000| Untracked 
|  17|0x0000000702200000, 0x0000000702400000, 0x0000000702400000|100%| O|  |TAMS 0x0000000702400000, 0x0000000702200000| Untracked 
|  18|0x0000000702400000, 0x0000000702600000, 0x0000000702600000|100%| O|  |TAMS 0x0000000702600000, 0x0000000702400000| Untracked 
|  19|0x0000000702600000, 0x0000000702800000, 0x0000000702800000|100%| O|  |TAMS 0x0000000702800000, 0x0000000702600000| Untracked 
|  20|0x0000000702800000, 0x0000000702a00000, 0x0000000702a00000|100%| O|  |TAMS 0x0000000702a00000, 0x0000000702800000| Untracked 
|  21|0x0000000702a00000, 0x0000000702c00000, 0x0000000702c00000|100%| O|  |TAMS 0x0000000702c00000, 0x0000000702a00000| Untracked 
|  22|0x0000000702c00000, 0x0000000702e00000, 0x0000000702e00000|100%|HS|  |TAMS 0x0000000702e00000, 0x0000000702c00000| Complete 
|  23|0x0000000702e00000, 0x0000000703000000, 0x0000000703000000|100%|HS|  |TAMS 0x0000000703000000, 0x0000000702e00000| Complete 
|  24|0x0000000703000000, 0x0000000703200000, 0x0000000703200000|100%|HS|  |TAMS 0x0000000703200000, 0x0000000703000000| Complete 
|  25|0x0000000703200000, 0x0000000703400000, 0x0000000703400000|100%|HC|  |TAMS 0x0000000703400000, 0x0000000703200000| Complete 
|  26|0x0000000703400000, 0x0000000703600000, 0x0000000703600000|100%| O|  |TAMS 0x0000000703600000, 0x0000000703400000| Untracked 
|  27|0x0000000703600000, 0x0000000703800000, 0x0000000703800000|100%| O|  |TAMS 0x0000000703800000, 0x0000000703600000| Untracked 
|  28|0x0000000703800000, 0x0000000703a00000, 0x0000000703a00000|100%|HS|  |TAMS 0x0000000703a00000, 0x0000000703800000| Complete 
|  29|0x0000000703a00000, 0x0000000703c00000, 0x0000000703c00000|100%|HC|  |TAMS 0x0000000703c00000, 0x0000000703a00000| Complete 
|  30|0x0000000703c00000, 0x0000000703e00000, 0x0000000703e00000|100%| O|  |TAMS 0x0000000703e00000, 0x0000000703c00000| Untracked 
|  31|0x0000000703e00000, 0x0000000704000000, 0x0000000704000000|100%|HS|  |TAMS 0x0000000703e00000, 0x0000000703e00000| Complete 
|  32|0x0000000704000000, 0x0000000704200000, 0x0000000704200000|100%|HS|  |TAMS 0x0000000704000000, 0x0000000704000000| Complete 
|  33|0x0000000704200000, 0x0000000704400000, 0x0000000704400000|100%| O|  |TAMS 0x0000000704400000, 0x0000000704200000| Untracked 
|  34|0x0000000704400000, 0x0000000704600000, 0x0000000704600000|100%| O|  |TAMS 0x0000000704600000, 0x0000000704400000| Untracked 
|  35|0x0000000704600000, 0x0000000704800000, 0x0000000704800000|100%| O|  |TAMS 0x0000000704800000, 0x0000000704600000| Untracked 
|  36|0x0000000704800000, 0x0000000704a00000, 0x0000000704a00000|100%| O|  |TAMS 0x0000000704a00000, 0x0000000704800000| Untracked 
|  37|0x0000000704a00000, 0x0000000704c00000, 0x0000000704c00000|100%| O|  |TAMS 0x0000000704c00000, 0x0000000704a00000| Untracked 
|  38|0x0000000704c00000, 0x0000000704e00000, 0x0000000704e00000|100%| O|  |TAMS 0x0000000704e00000, 0x0000000704c00000| Untracked 
|  39|0x0000000704e00000, 0x0000000705000000, 0x0000000705000000|100%| O|  |TAMS 0x0000000705000000, 0x0000000704e00000| Untracked 
|  40|0x0000000705000000, 0x0000000705200000, 0x0000000705200000|100%| O|  |TAMS 0x0000000705200000, 0x0000000705000000| Untracked 
|  41|0x0000000705200000, 0x0000000705400000, 0x0000000705400000|100%| O|  |TAMS 0x0000000705400000, 0x0000000705200000| Untracked 
|  42|0x0000000705400000, 0x0000000705600000, 0x0000000705600000|100%| O|  |TAMS 0x0000000705600000, 0x0000000705400000| Untracked 
|  43|0x0000000705600000, 0x0000000705800000, 0x0000000705800000|100%| O|  |TAMS 0x0000000705800000, 0x0000000705600000| Untracked 
|  44|0x0000000705800000, 0x0000000705a00000, 0x0000000705a00000|100%| O|  |TAMS 0x0000000705a00000, 0x0000000705800000| Untracked 
|  45|0x0000000705a00000, 0x0000000705c00000, 0x0000000705c00000|100%| O|  |TAMS 0x0000000705c00000, 0x0000000705a00000| Untracked 
|  46|0x0000000705c00000, 0x0000000705e00000, 0x0000000705e00000|100%| O|  |TAMS 0x0000000705e00000, 0x0000000705c00000| Untracked 
|  47|0x0000000705e00000, 0x0000000706000000, 0x0000000706000000|100%| O|  |TAMS 0x0000000706000000, 0x0000000705e00000| Untracked 
|  48|0x0000000706000000, 0x0000000706200000, 0x0000000706200000|100%| O|  |TAMS 0x0000000706200000, 0x0000000706000000| Untracked 
|  49|0x0000000706200000, 0x0000000706400000, 0x0000000706400000|100%| O|  |TAMS 0x00000007062e9600, 0x0000000706200000| Untracked 
|  50|0x0000000706400000, 0x0000000706600000, 0x0000000706600000|100%|HS|  |TAMS 0x0000000706400000, 0x0000000706400000| Complete 
|  51|0x0000000706600000, 0x0000000706800000, 0x0000000706800000|100%|HC|  |TAMS 0x0000000706600000, 0x0000000706600000| Complete 
|  52|0x0000000706800000, 0x0000000706a00000, 0x0000000706a00000|100%| O|  |TAMS 0x0000000706800000, 0x0000000706800000| Untracked 
|  53|0x0000000706a00000, 0x0000000706c00000, 0x0000000706c00000|100%| O|  |TAMS 0x0000000706a00000, 0x0000000706a00000| Untracked 
|  54|0x0000000706c00000, 0x0000000706e00000, 0x0000000706e00000|100%| O|  |TAMS 0x0000000706c00000, 0x0000000706c00000| Untracked 
|  55|0x0000000706e00000, 0x0000000707000000, 0x0000000707000000|100%| O|  |TAMS 0x0000000706e00000, 0x0000000706e00000| Untracked 
|  56|0x0000000707000000, 0x0000000707200000, 0x0000000707200000|100%| O|  |TAMS 0x0000000707000000, 0x0000000707000000| Untracked 
|  57|0x0000000707200000, 0x0000000707400000, 0x0000000707400000|100%| O|  |TAMS 0x0000000707200000, 0x0000000707200000| Untracked 
|  58|0x0000000707400000, 0x0000000707600000, 0x0000000707600000|100%| O|  |TAMS 0x0000000707400000, 0x0000000707400000| Untracked 
|  59|0x0000000707600000, 0x0000000707800000, 0x0000000707800000|100%| O|  |TAMS 0x0000000707600000, 0x0000000707600000| Untracked 
|  60|0x0000000707800000, 0x0000000707a00000, 0x0000000707a00000|100%| O|  |TAMS 0x0000000707800000, 0x0000000707800000| Untracked 
|  61|0x0000000707a00000, 0x0000000707c00000, 0x0000000707c00000|100%| O|  |TAMS 0x0000000707a00000, 0x0000000707a00000| Untracked 
|  62|0x0000000707c00000, 0x0000000707e00000, 0x0000000707e00000|100%| O|  |TAMS 0x0000000707c00000, 0x0000000707c00000| Untracked 
|  63|0x0000000707e00000, 0x0000000708000000, 0x0000000708000000|100%| O|  |TAMS 0x0000000707e00000, 0x0000000707e00000| Untracked 
|  64|0x0000000708000000, 0x0000000708200000, 0x0000000708200000|100%| O|  |TAMS 0x0000000708000000, 0x0000000708000000| Untracked 
|  65|0x0000000708200000, 0x0000000708400000, 0x0000000708400000|100%| O|  |TAMS 0x0000000708200000, 0x0000000708200000| Untracked 
|  66|0x0000000708400000, 0x0000000708600000, 0x0000000708600000|100%| O|  |TAMS 0x0000000708400000, 0x0000000708400000| Untracked 
|  67|0x0000000708600000, 0x0000000708800000, 0x0000000708800000|100%| O|  |TAMS 0x0000000708600000, 0x0000000708600000| Untracked 
|  68|0x0000000708800000, 0x0000000708a00000, 0x0000000708a00000|100%| O|  |TAMS 0x0000000708800000, 0x0000000708800000| Untracked 
|  69|0x0000000708a00000, 0x0000000708c00000, 0x0000000708c00000|100%| O|  |TAMS 0x0000000708a00000, 0x0000000708a00000| Untracked 
|  70|0x0000000708c00000, 0x0000000708e00000, 0x0000000708e00000|100%| O|  |TAMS 0x0000000708c00000, 0x0000000708c00000| Untracked 
|  71|0x0000000708e00000, 0x0000000709000000, 0x0000000709000000|100%| O|  |TAMS 0x0000000708e00000, 0x0000000708e00000| Untracked 
|  72|0x0000000709000000, 0x0000000709200000, 0x0000000709200000|100%| O|  |TAMS 0x0000000709000000, 0x0000000709000000| Untracked 
|  73|0x0000000709200000, 0x0000000709400000, 0x0000000709400000|100%| O|  |TAMS 0x0000000709200000, 0x0000000709200000| Untracked 
|  74|0x0000000709400000, 0x0000000709600000, 0x0000000709600000|100%| O|  |TAMS 0x0000000709400000, 0x0000000709400000| Untracked 
|  75|0x0000000709600000, 0x0000000709800000, 0x0000000709800000|100%| O|  |TAMS 0x0000000709600000, 0x0000000709600000| Untracked 
|  76|0x0000000709800000, 0x0000000709a00000, 0x0000000709a00000|100%| O|  |TAMS 0x0000000709800000, 0x0000000709800000| Untracked 
|  77|0x0000000709a00000, 0x0000000709c00000, 0x0000000709c00000|100%| O|  |TAMS 0x0000000709a00000, 0x0000000709a00000| Untracked 
|  78|0x0000000709c00000, 0x0000000709e00000, 0x0000000709e00000|100%| O|  |TAMS 0x0000000709c00000, 0x0000000709c00000| Untracked 
|  79|0x0000000709e00000, 0x000000070a000000, 0x000000070a000000|100%| O|  |TAMS 0x0000000709e00000, 0x0000000709e00000| Untracked 
|  80|0x000000070a000000, 0x000000070a200000, 0x000000070a200000|100%| O|  |TAMS 0x000000070a000000, 0x000000070a000000| Untracked 
|  81|0x000000070a200000, 0x000000070a400000, 0x000000070a400000|100%| O|  |TAMS 0x000000070a200000, 0x000000070a200000| Untracked 
|  82|0x000000070a400000, 0x000000070a600000, 0x000000070a600000|100%| O|  |TAMS 0x000000070a400000, 0x000000070a400000| Untracked 
|  83|0x000000070a600000, 0x000000070a800000, 0x000000070a800000|100%| O|  |TAMS 0x000000070a600000, 0x000000070a600000| Untracked 
|  84|0x000000070a800000, 0x000000070aa00000, 0x000000070aa00000|100%| O|  |TAMS 0x000000070a800000, 0x000000070a800000| Untracked 
|  85|0x000000070aa00000, 0x000000070ac00000, 0x000000070ac00000|100%| O|  |TAMS 0x000000070aa00000, 0x000000070aa00000| Untracked 
|  86|0x000000070ac00000, 0x000000070ae00000, 0x000000070ae00000|100%| O|  |TAMS 0x000000070ac00000, 0x000000070ac00000| Untracked 
|  87|0x000000070ae00000, 0x000000070b000000, 0x000000070b000000|100%| O|  |TAMS 0x000000070ae00000, 0x000000070ae00000| Untracked 
|  88|0x000000070b000000, 0x000000070b200000, 0x000000070b200000|100%| O|  |TAMS 0x000000070b000000, 0x000000070b000000| Untracked 
|  89|0x000000070b200000, 0x000000070b400000, 0x000000070b400000|100%| O|  |TAMS 0x000000070b200000, 0x000000070b200000| Untracked 
|  90|0x000000070b400000, 0x000000070b600000, 0x000000070b600000|100%| O|  |TAMS 0x000000070b400000, 0x000000070b400000| Untracked 
|  91|0x000000070b600000, 0x000000070b800000, 0x000000070b800000|100%| O|  |TAMS 0x000000070b600000, 0x000000070b600000| Untracked 
|  92|0x000000070b800000, 0x000000070b8f9600, 0x000000070ba00000| 48%| O|  |TAMS 0x000000070b800000, 0x000000070b800000| Untracked 
|  93|0x000000070ba00000, 0x000000070ba00000, 0x000000070bc00000|  0%| F|  |TAMS 0x000000070ba00000, 0x000000070ba00000| Untracked 
|  94|0x000000070bc00000, 0x000000070bc00000, 0x000000070be00000|  0%| F|  |TAMS 0x000000070bc00000, 0x000000070bc00000| Untracked 
|  95|0x000000070be00000, 0x000000070be00000, 0x000000070c000000|  0%| F|  |TAMS 0x000000070be00000, 0x000000070be00000| Untracked 
|  96|0x000000070c000000, 0x000000070c000000, 0x000000070c200000|  0%| F|  |TAMS 0x000000070c000000, 0x000000070c000000| Untracked 
|  97|0x000000070c200000, 0x000000070c200000, 0x000000070c400000|  0%| F|  |TAMS 0x000000070c200000, 0x000000070c200000| Untracked 
|  98|0x000000070c400000, 0x000000070c400000, 0x000000070c600000|  0%| F|  |TAMS 0x000000070c400000, 0x000000070c400000| Untracked 
|  99|0x000000070c600000, 0x000000070c600000, 0x000000070c800000|  0%| F|  |TAMS 0x000000070c600000, 0x000000070c600000| Untracked 
| 100|0x000000070c800000, 0x000000070c800000, 0x000000070ca00000|  0%| F|  |TAMS 0x000000070c800000, 0x000000070c800000| Untracked 
| 101|0x000000070ca00000, 0x000000070ca00000, 0x000000070cc00000|  0%| F|  |TAMS 0x000000070ca00000, 0x000000070ca00000| Untracked 
| 102|0x000000070cc00000, 0x000000070cc00000, 0x000000070ce00000|  0%| F|  |TAMS 0x000000070cc00000, 0x000000070cc00000| Untracked 
| 103|0x000000070ce00000, 0x000000070ce00000, 0x000000070d000000|  0%| F|  |TAMS 0x000000070ce00000, 0x000000070ce00000| Untracked 
| 104|0x000000070d000000, 0x000000070d000000, 0x000000070d200000|  0%| F|  |TAMS 0x000000070d000000, 0x000000070d000000| Untracked 
| 105|0x000000070d200000, 0x000000070d200000, 0x000000070d400000|  0%| F|  |TAMS 0x000000070d200000, 0x000000070d200000| Untracked 
| 106|0x000000070d400000, 0x000000070d400000, 0x000000070d600000|  0%| F|  |TAMS 0x000000070d400000, 0x000000070d400000| Untracked 
| 107|0x000000070d600000, 0x000000070d600000, 0x000000070d800000|  0%| F|  |TAMS 0x000000070d600000, 0x000000070d600000| Untracked 
| 108|0x000000070d800000, 0x000000070d800000, 0x000000070da00000|  0%| F|  |TAMS 0x000000070d800000, 0x000000070d800000| Untracked 
| 109|0x000000070da00000, 0x000000070da00000, 0x000000070dc00000|  0%| F|  |TAMS 0x000000070da00000, 0x000000070da00000| Untracked 
| 110|0x000000070dc00000, 0x000000070dc00000, 0x000000070de00000|  0%| F|  |TAMS 0x000000070dc00000, 0x000000070dc00000| Untracked 
| 111|0x000000070de00000, 0x000000070de00000, 0x000000070e000000|  0%| F|  |TAMS 0x000000070de00000, 0x000000070de00000| Untracked 
| 112|0x000000070e000000, 0x000000070e000000, 0x000000070e200000|  0%| F|  |TAMS 0x000000070e000000, 0x000000070e000000| Untracked 
| 113|0x000000070e200000, 0x000000070e200000, 0x000000070e400000|  0%| F|  |TAMS 0x000000070e200000, 0x000000070e200000| Untracked 
| 114|0x000000070e400000, 0x000000070e400000, 0x000000070e600000|  0%| F|  |TAMS 0x000000070e400000, 0x000000070e400000| Untracked 
| 115|0x000000070e600000, 0x000000070e600000, 0x000000070e800000|  0%| F|  |TAMS 0x000000070e600000, 0x000000070e600000| Untracked 
| 116|0x000000070e800000, 0x000000070e800000, 0x000000070ea00000|  0%| F|  |TAMS 0x000000070e800000, 0x000000070e800000| Untracked 
| 117|0x000000070ea00000, 0x000000070ea00000, 0x000000070ec00000|  0%| F|  |TAMS 0x000000070ea00000, 0x000000070ea00000| Untracked 
| 118|0x000000070ec00000, 0x000000070ec00000, 0x000000070ee00000|  0%| F|  |TAMS 0x000000070ec00000, 0x000000070ec00000| Untracked 
| 119|0x000000070ee00000, 0x000000070ee00000, 0x000000070f000000|  0%| F|  |TAMS 0x000000070ee00000, 0x000000070ee00000| Untracked 
| 120|0x000000070f000000, 0x000000070f000000, 0x000000070f200000|  0%| F|  |TAMS 0x000000070f000000, 0x000000070f000000| Untracked 
| 121|0x000000070f200000, 0x000000070f200000, 0x000000070f400000|  0%| F|  |TAMS 0x000000070f200000, 0x000000070f200000| Untracked 
| 122|0x000000070f400000, 0x000000070f400000, 0x000000070f600000|  0%| F|  |TAMS 0x000000070f400000, 0x000000070f400000| Untracked 
| 123|0x000000070f600000, 0x000000070f600000, 0x000000070f800000|  0%| F|  |TAMS 0x000000070f600000, 0x000000070f600000| Untracked 
| 124|0x000000070f800000, 0x000000070f800000, 0x000000070fa00000|  0%| F|  |TAMS 0x000000070f800000, 0x000000070f800000| Untracked 
| 125|0x000000070fa00000, 0x000000070fa00000, 0x000000070fc00000|  0%| F|  |TAMS 0x000000070fa00000, 0x000000070fa00000| Untracked 
| 126|0x000000070fc00000, 0x000000070fc00000, 0x000000070fe00000|  0%| F|  |TAMS 0x000000070fc00000, 0x000000070fc00000| Untracked 
| 127|0x000000070fe00000, 0x000000070fe00000, 0x0000000710000000|  0%| F|  |TAMS 0x000000070fe00000, 0x000000070fe00000| Untracked 
| 128|0x0000000710000000, 0x0000000710000000, 0x0000000710200000|  0%| F|  |TAMS 0x0000000710000000, 0x0000000710000000| Untracked 
| 129|0x0000000710200000, 0x0000000710400000, 0x0000000710400000|100%| S|CS|TAMS 0x0000000710200000, 0x0000000710200000| Complete 
| 130|0x0000000710400000, 0x0000000710600000, 0x0000000710600000|100%| S|CS|TAMS 0x0000000710400000, 0x0000000710400000| Complete 
| 131|0x0000000710600000, 0x0000000710800000, 0x0000000710800000|100%| S|CS|TAMS 0x0000000710600000, 0x0000000710600000| Complete 
| 132|0x0000000710800000, 0x0000000710a00000, 0x0000000710a00000|100%| S|CS|TAMS 0x0000000710800000, 0x0000000710800000| Complete 
| 133|0x0000000710a00000, 0x0000000710a00000, 0x0000000710c00000|  0%| F|  |TAMS 0x0000000710a00000, 0x0000000710a00000| Untracked 
| 134|0x0000000710c00000, 0x0000000710e00000, 0x0000000710e00000|100%| S|CS|TAMS 0x0000000710c00000, 0x0000000710c00000| Complete 
| 135|0x0000000710e00000, 0x0000000710e00000, 0x0000000711000000|  0%| F|  |TAMS 0x0000000710e00000, 0x0000000710e00000| Untracked 
| 136|0x0000000711000000, 0x0000000711000000, 0x0000000711200000|  0%| F|  |TAMS 0x0000000711000000, 0x0000000711000000| Untracked 
| 137|0x0000000711200000, 0x0000000711200000, 0x0000000711400000|  0%| F|  |TAMS 0x0000000711200000, 0x0000000711200000| Untracked 
| 138|0x0000000711400000, 0x0000000711400000, 0x0000000711600000|  0%| F|  |TAMS 0x0000000711400000, 0x0000000711400000| Untracked 
| 139|0x0000000711600000, 0x0000000711600000, 0x0000000711800000|  0%| F|  |TAMS 0x0000000711600000, 0x0000000711600000| Untracked 
| 140|0x0000000711800000, 0x0000000711800000, 0x0000000711a00000|  0%| F|  |TAMS 0x0000000711800000, 0x0000000711800000| Untracked 
| 141|0x0000000711a00000, 0x0000000711a00000, 0x0000000711c00000|  0%| F|  |TAMS 0x0000000711a00000, 0x0000000711a00000| Untracked 
| 142|0x0000000711c00000, 0x0000000711c00000, 0x0000000711e00000|  0%| F|  |TAMS 0x0000000711c00000, 0x0000000711c00000| Untracked 
| 143|0x0000000711e00000, 0x0000000711e00000, 0x0000000712000000|  0%| F|  |TAMS 0x0000000711e00000, 0x0000000711e00000| Untracked 
| 144|0x0000000712000000, 0x0000000712000000, 0x0000000712200000|  0%| F|  |TAMS 0x0000000712000000, 0x0000000712000000| Untracked 
| 145|0x0000000712200000, 0x0000000712200000, 0x0000000712400000|  0%| F|  |TAMS 0x0000000712200000, 0x0000000712200000| Untracked 
| 146|0x0000000712400000, 0x0000000712400000, 0x0000000712600000|  0%| F|  |TAMS 0x0000000712400000, 0x0000000712400000| Untracked 
| 147|0x0000000712600000, 0x0000000712600000, 0x0000000712800000|  0%| F|  |TAMS 0x0000000712600000, 0x0000000712600000| Untracked 
| 148|0x0000000712800000, 0x0000000712800000, 0x0000000712a00000|  0%| F|  |TAMS 0x0000000712800000, 0x0000000712800000| Untracked 
| 149|0x0000000712a00000, 0x0000000712a00000, 0x0000000712c00000|  0%| F|  |TAMS 0x0000000712a00000, 0x0000000712a00000| Untracked 
| 150|0x0000000712c00000, 0x0000000712c00000, 0x0000000712e00000|  0%| F|  |TAMS 0x0000000712c00000, 0x0000000712c00000| Untracked 
| 151|0x0000000712e00000, 0x0000000712e00000, 0x0000000713000000|  0%| F|  |TAMS 0x0000000712e00000, 0x0000000712e00000| Untracked 
| 152|0x0000000713000000, 0x0000000713000000, 0x0000000713200000|  0%| F|  |TAMS 0x0000000713000000, 0x0000000713000000| Untracked 
| 153|0x0000000713200000, 0x0000000713200000, 0x0000000713400000|  0%| F|  |TAMS 0x0000000713200000, 0x0000000713200000| Untracked 
| 154|0x0000000713400000, 0x0000000713400000, 0x0000000713600000|  0%| F|  |TAMS 0x0000000713400000, 0x0000000713400000| Untracked 
| 155|0x0000000713600000, 0x0000000713600000, 0x0000000713800000|  0%| F|  |TAMS 0x0000000713600000, 0x0000000713600000| Untracked 
| 156|0x0000000713800000, 0x0000000713800000, 0x0000000713a00000|  0%| F|  |TAMS 0x0000000713800000, 0x0000000713800000| Untracked 
| 157|0x0000000713a00000, 0x0000000713a00000, 0x0000000713c00000|  0%| F|  |TAMS 0x0000000713a00000, 0x0000000713a00000| Untracked 
| 158|0x0000000713c00000, 0x0000000713c00000, 0x0000000713e00000|  0%| F|  |TAMS 0x0000000713c00000, 0x0000000713c00000| Untracked 
| 159|0x0000000713e00000, 0x0000000713e00000, 0x0000000714000000|  0%| F|  |TAMS 0x0000000713e00000, 0x0000000713e00000| Untracked 
| 160|0x0000000714000000, 0x0000000714000000, 0x0000000714200000|  0%| F|  |TAMS 0x0000000714000000, 0x0000000714000000| Untracked 
| 161|0x0000000714200000, 0x0000000714200000, 0x0000000714400000|  0%| F|  |TAMS 0x0000000714200000, 0x0000000714200000| Untracked 
| 162|0x0000000714400000, 0x0000000714400000, 0x0000000714600000|  0%| F|  |TAMS 0x0000000714400000, 0x0000000714400000| Untracked 
| 163|0x0000000714600000, 0x0000000714600000, 0x0000000714800000|  0%| F|  |TAMS 0x0000000714600000, 0x0000000714600000| Untracked 
| 164|0x0000000714800000, 0x0000000714800000, 0x0000000714a00000|  0%| F|  |TAMS 0x0000000714800000, 0x0000000714800000| Untracked 
| 165|0x0000000714a00000, 0x0000000714a00000, 0x0000000714c00000|  0%| F|  |TAMS 0x0000000714a00000, 0x0000000714a00000| Untracked 
| 166|0x0000000714c00000, 0x0000000714c00000, 0x0000000714e00000|  0%| F|  |TAMS 0x0000000714c00000, 0x0000000714c00000| Untracked 
| 167|0x0000000714e00000, 0x0000000714f59000, 0x0000000715000000| 67%| E|  |TAMS 0x0000000714e00000, 0x0000000714e00000| Complete 
| 168|0x0000000715000000, 0x0000000715200000, 0x0000000715200000|100%| E|CS|TAMS 0x0000000715000000, 0x0000000715000000| Complete 
| 169|0x0000000715200000, 0x0000000715400000, 0x0000000715400000|100%| E|CS|TAMS 0x0000000715200000, 0x0000000715200000| Complete 
| 170|0x0000000715400000, 0x0000000715600000, 0x0000000715600000|100%| E|CS|TAMS 0x0000000715400000, 0x0000000715400000| Complete 
| 171|0x0000000715600000, 0x0000000715800000, 0x0000000715800000|100%| E|CS|TAMS 0x0000000715600000, 0x0000000715600000| Complete 
| 172|0x0000000715800000, 0x0000000715a00000, 0x0000000715a00000|100%| E|CS|TAMS 0x0000000715800000, 0x0000000715800000| Complete 
| 173|0x0000000715a00000, 0x0000000715c00000, 0x0000000715c00000|100%| E|CS|TAMS 0x0000000715a00000, 0x0000000715a00000| Complete 
| 174|0x0000000715c00000, 0x0000000715e00000, 0x0000000715e00000|100%| E|CS|TAMS 0x0000000715c00000, 0x0000000715c00000| Complete 
| 175|0x0000000715e00000, 0x0000000716000000, 0x0000000716000000|100%| E|CS|TAMS 0x0000000715e00000, 0x0000000715e00000| Complete 
| 176|0x0000000716000000, 0x0000000716200000, 0x0000000716200000|100%| E|CS|TAMS 0x0000000716000000, 0x0000000716000000| Complete 
| 177|0x0000000716200000, 0x0000000716400000, 0x0000000716400000|100%| E|CS|TAMS 0x0000000716200000, 0x0000000716200000| Complete 
| 178|0x0000000716400000, 0x0000000716600000, 0x0000000716600000|100%| E|CS|TAMS 0x0000000716400000, 0x0000000716400000| Complete 
| 179|0x0000000716600000, 0x0000000716800000, 0x0000000716800000|100%| E|CS|TAMS 0x0000000716600000, 0x0000000716600000| Complete 
| 180|0x0000000716800000, 0x0000000716a00000, 0x0000000716a00000|100%| E|CS|TAMS 0x0000000716800000, 0x0000000716800000| Complete 
| 181|0x0000000716a00000, 0x0000000716c00000, 0x0000000716c00000|100%| E|CS|TAMS 0x0000000716a00000, 0x0000000716a00000| Complete 
| 182|0x0000000716c00000, 0x0000000716e00000, 0x0000000716e00000|100%| E|CS|TAMS 0x0000000716c00000, 0x0000000716c00000| Complete 
| 183|0x0000000716e00000, 0x0000000717000000, 0x0000000717000000|100%| E|CS|TAMS 0x0000000716e00000, 0x0000000716e00000| Complete 
| 184|0x0000000717000000, 0x0000000717200000, 0x0000000717200000|100%| E|CS|TAMS 0x0000000717000000, 0x0000000717000000| Complete 
| 185|0x0000000717200000, 0x0000000717400000, 0x0000000717400000|100%| E|CS|TAMS 0x0000000717200000, 0x0000000717200000| Complete 

Card table byte_map: [0x000001937ba00000,0x000001937c200000] _byte_map_base: 0x0000019378200000

Marking Bits (Prev, Next): (CMBitMap*) 0x000001937b1b4260, (CMBitMap*) 0x000001937b1b4220
 Prev Bits: [0x000001931aa40000, 0x000001931ea40000)
 Next Bits: [0x0000019316a40000, 0x000001931aa40000)

Polling page: 0x0000019378fe0000

Metaspace:

Usage:
  Non-class:     88.42 MB used.
      Class:     14.19 MB used.
       Both:    102.60 MB used.

Virtual space:
  Non-class space:      128.00 MB reserved,      89.00 MB ( 70%) committed,  2 nodes.
      Class space:      832.00 MB reserved,      14.69 MB (  2%) committed,  1 nodes.
             Both:      960.00 MB reserved,     103.69 MB ( 11%) committed. 

Chunk freelists:
   Non-Class:  6.54 MB
       Class:  1.35 MB
        Both:  7.89 MB

MaxMetaspaceSize: 1.00 GB
CompressedClassSpaceSize: 832.00 MB
Initial GC threshold: 21.00 MB
Current GC threshold: 149.69 MB
CDS: on
MetaspaceReclaimPolicy: balanced
 - commit_granule_bytes: 65536.
 - commit_granule_words: 8192.
 - virtual_space_node_default_size: 8388608.
 - enlarge_chunks_in_place: 1.
 - new_chunks_are_fully_committed: 0.
 - uncommit_free_chunks: 1.
 - use_allocation_guard: 0.
 - handle_deallocations: 1.


Internal statistics:

num_allocs_failed_limit: 9.
num_arena_births: 1416.
num_arena_deaths: 0.
num_vsnodes_births: 3.
num_vsnodes_deaths: 0.
num_space_committed: 1659.
num_space_uncommitted: 0.
num_chunks_returned_to_freelist: 9.
num_chunks_taken_from_freelist: 5956.
num_chunk_merges: 9.
num_chunk_splits: 3808.
num_chunks_enlarged: 2366.
num_inconsistent_stats: 0.

CodeHeap 'non-profiled nmethods': size=120000Kb used=9279Kb max_used=9279Kb free=110720Kb
 bounds [0x000001930f510000, 0x000001930fe20000, 0x0000019316a40000]
CodeHeap 'profiled nmethods': size=120000Kb used=27843Kb max_used=27843Kb free=92156Kb
 bounds [0x0000019307a40000, 0x0000019309580000, 0x000001930ef70000]
CodeHeap 'non-nmethods': size=5760Kb used=2443Kb max_used=2506Kb free=3316Kb
 bounds [0x000001930ef70000, 0x000001930f1f0000, 0x000001930f510000]
 total_blobs=14864 nmethods=13888 adapters=888
 compilation: enabled
              stopped_count=0, restarted_count=0
 full_count=0

Compilation events (20 events):
Event: 156.606 Thread 0x000001937eeecd10 nmethod 16254 0x000001930fe19390 code [0x000001930fe19520, 0x000001930fe19da8]
Event: 156.606 Thread 0x000001937eeecd10 16257       4       com.google.common.cache.LocalCache$Segment::setValue (82 bytes)
Event: 156.662 Thread 0x000001937eef2650 16262       2       org.gradle.internal.snapshot.AbstractListChildMap$2::<init> (18 bytes)
Event: 156.662 Thread 0x000001937eef2650 nmethod 16262 0x000001930956ed10 code [0x000001930956eea0, 0x000001930956f0d8]
Event: 156.674 Thread 0x000001937eef2650 16264  s!   3       sun.nio.ch.NativeThreadSet::signalAndWait (134 bytes)
Event: 156.675 Thread 0x000001937eef2650 nmethod 16264 0x000001930956f190 code [0x000001930956f380, 0x000001930956f9f8]
Event: 156.678 Thread 0x000001935b773ae0 nmethod 16256 0x000001930fe1a010 code [0x000001930fe1a220, 0x000001930fe1b058]
Event: 156.679 Thread 0x000001935b773ae0 16263       4       org.gradle.internal.logging.progress.DefaultProgressLoggerFactory::newOperation (93 bytes)
Event: 156.686 Thread 0x000001935b773ae0 nmethod 16263 0x000001930fe1b910 code [0x000001930fe1bac0, 0x000001930fe1bcc8]
Event: 156.687 Thread 0x000001935b773ae0 16258       4       com.google.common.cache.LocalCache$Strength$1::referenceValue (28 bytes)
Event: 156.689 Thread 0x000001935b773ae0 nmethod 16258 0x000001930fe1be90 code [0x000001930fe1c020, 0x000001930fe1c118]
Event: 156.689 Thread 0x000001935b773ae0 16260       4       java.lang.String::encode (48 bytes)
Event: 156.711 Thread 0x000001937eeecd10 nmethod 16257 0x000001930fe1c210 code [0x000001930fe1c440, 0x000001930fe1d538]
Event: 156.712 Thread 0x000001937eeecd10 16259       4       org.gradle.internal.io.StreamByteBuffer$StreamByteBufferInputStream::read (8 bytes)
Event: 156.713 Thread 0x000001937eeecd10 nmethod 16259 0x000001930fe1e010 code [0x000001930fe1e1a0, 0x000001930fe1e248]
Event: 156.713 Thread 0x000001937eeecd10 16255       4       org.gradle.cache.internal.ExclusiveCacheAccessingWorker$1::call (10 bytes)
Event: 156.734 Thread 0x000001935b773ae0 nmethod 16260 0x000001930fe1e310 code [0x000001930fe1e5c0, 0x000001930fe1f4c8]
Event: 156.734 Thread 0x000001935b773ae0 16265   !   4       com.google.common.cache.LocalCache$Segment::lockedGetOrLoad (447 bytes)
Event: 156.736 Thread 0x000001937eef2650 16267       3       org.gradle.internal.snapshot.PathUtil::comparePaths (128 bytes)
Event: 156.740 Thread 0x000001937eef2650 nmethod 16267 0x000001930956fc90 code [0x000001930956ffc0, 0x0000019309571508]

GC Heap History (20 events):
Event: 122.058 GC heap before
{Heap before GC invocations=43 (full 0):
 garbage-first heap   total 190464K, used 153544K [0x0000000700000000, 0x0000000800000000)
  region size 2048K, 30 young (61440K), 3 survivors (6144K)
 Metaspace       used 87022K, committed 87744K, reserved 983040K
  class space    used 12122K, committed 12480K, reserved 851968K
}
Event: 122.073 GC heap after
{Heap after GC invocations=44 (full 0):
 garbage-first heap   total 190464K, used 100014K [0x0000000700000000, 0x0000000800000000)
  region size 2048K, 1 young (2048K), 1 survivors (2048K)
 Metaspace       used 87022K, committed 87744K, reserved 983040K
  class space    used 12122K, committed 12480K, reserved 851968K
}
Event: 122.283 GC heap before
{Heap before GC invocations=44 (full 0):
 garbage-first heap   total 190464K, used 104110K [0x0000000700000000, 0x0000000800000000)
  region size 2048K, 4 young (8192K), 1 survivors (2048K)
 Metaspace       used 87478K, committed 88256K, reserved 983040K
  class space    used 12241K, committed 12608K, reserved 851968K
}
Event: 122.294 GC heap after
{Heap after GC invocations=45 (full 0):
 garbage-first heap   total 190464K, used 99653K [0x0000000700000000, 0x0000000800000000)
  region size 2048K, 1 young (2048K), 1 survivors (2048K)
 Metaspace       used 87478K, committed 88256K, reserved 983040K
  class space    used 12241K, committed 12608K, reserved 851968K
}
Event: 124.589 GC heap before
{Heap before GC invocations=45 (full 0):
 garbage-first heap   total 190464K, used 154949K [0x0000000700000000, 0x0000000800000000)
  region size 2048K, 28 young (57344K), 1 survivors (2048K)
 Metaspace       used 91054K, committed 91904K, reserved 983040K
  class space    used 12751K, committed 13120K, reserved 851968K
}
Event: 124.603 GC heap after
{Heap after GC invocations=46 (full 0):
 garbage-first heap   total 190464K, used 103255K [0x0000000700000000, 0x0000000800000000)
  region size 2048K, 2 young (4096K), 2 survivors (4096K)
 Metaspace       used 91054K, committed 91904K, reserved 983040K
  class space    used 12751K, committed 13120K, reserved 851968K
}
Event: 128.562 GC heap before
{Heap before GC invocations=47 (full 0):
 garbage-first heap   total 190464K, used 162647K [0x0000000700000000, 0x0000000800000000)
  region size 2048K, 28 young (57344K), 2 survivors (4096K)
 Metaspace       used 93858K, committed 94784K, reserved 983040K
  class space    used 13125K, committed 13568K, reserved 851968K
}
Event: 128.595 GC heap after
{Heap after GC invocations=48 (full 0):
 garbage-first heap   total 190464K, used 122218K [0x0000000700000000, 0x0000000800000000)
  region size 2048K, 4 young (8192K), 4 survivors (8192K)
 Metaspace       used 93858K, committed 94784K, reserved 983040K
  class space    used 13125K, committed 13568K, reserved 851968K
}
Event: 128.730 GC heap before
{Heap before GC invocations=48 (full 0):
 garbage-first heap   total 190464K, used 124266K [0x0000000700000000, 0x0000000800000000)
  region size 2048K, 5 young (10240K), 4 survivors (8192K)
 Metaspace       used 93875K, committed 94784K, reserved 983040K
  class space    used 13127K, committed 13568K, reserved 851968K
}
Event: 128.748 GC heap after
{Heap after GC invocations=49 (full 0):
 garbage-first heap   total 190464K, used 123197K [0x0000000700000000, 0x0000000800000000)
  region size 2048K, 1 young (2048K), 1 survivors (2048K)
 Metaspace       used 93875K, committed 94784K, reserved 983040K
  class space    used 13127K, committed 13568K, reserved 851968K
}
Event: 130.884 GC heap before
{Heap before GC invocations=49 (full 0):
 garbage-first heap   total 190464K, used 151869K [0x0000000700000000, 0x0000000800000000)
  region size 2048K, 15 young (30720K), 1 survivors (2048K)
 Metaspace       used 94181K, committed 95040K, reserved 983040K
  class space    used 13144K, committed 13568K, reserved 851968K
}
Event: 130.901 GC heap after
{Heap after GC invocations=50 (full 0):
 garbage-first heap   total 380928K, used 134590K [0x0000000700000000, 0x0000000800000000)
  region size 2048K, 2 young (4096K), 2 survivors (4096K)
 Metaspace       used 94181K, committed 95040K, reserved 983040K
  class space    used 13144K, committed 13568K, reserved 851968K
}
Event: 139.183 GC heap before
{Heap before GC invocations=50 (full 0):
 garbage-first heap   total 380928K, used 271806K [0x0000000700000000, 0x0000000800000000)
  region size 2048K, 69 young (141312K), 2 survivors (4096K)
 Metaspace       used 96408K, committed 97472K, reserved 983040K
  class space    used 13401K, committed 13888K, reserved 851968K
}
Event: 139.245 GC heap after
{Heap after GC invocations=51 (full 0):
 garbage-first heap   total 380928K, used 165702K [0x0000000700000000, 0x0000000800000000)
  region size 2048K, 9 young (18432K), 9 survivors (18432K)
 Metaspace       used 96408K, committed 97472K, reserved 983040K
  class space    used 13401K, committed 13888K, reserved 851968K
}
Event: 145.129 GC heap before
{Heap before GC invocations=51 (full 0):
 garbage-first heap   total 380928K, used 274246K [0x0000000700000000, 0x0000000800000000)
  region size 2048K, 62 young (126976K), 9 survivors (18432K)
 Metaspace       used 102593K, committed 103616K, reserved 983040K
  class space    used 14249K, committed 14720K, reserved 851968K
}
Event: 145.170 GC heap after
{Heap after GC invocations=52 (full 0):
 garbage-first heap   total 380928K, used 177802K [0x0000000700000000, 0x0000000800000000)
  region size 2048K, 5 young (10240K), 5 survivors (10240K)
 Metaspace       used 102593K, committed 103616K, reserved 983040K
  class space    used 14249K, committed 14720K, reserved 851968K
}
Event: 150.598 GC heap before
{Heap before GC invocations=52 (full 0):
 garbage-first heap   total 380928K, used 284298K [0x0000000700000000, 0x0000000800000000)
  region size 2048K, 57 young (116736K), 5 survivors (10240K)
 Metaspace       used 104229K, committed 105344K, reserved 983040K
  class space    used 14455K, committed 14912K, reserved 851968K
}
Event: 150.656 GC heap after
{Heap after GC invocations=53 (full 0):
 garbage-first heap   total 380928K, used 190427K [0x0000000700000000, 0x0000000800000000)
  region size 2048K, 6 young (12288K), 6 survivors (12288K)
 Metaspace       used 104229K, committed 105344K, reserved 983040K
  class space    used 14455K, committed 14912K, reserved 851968K
}
Event: 155.831 GC heap before
{Heap before GC invocations=53 (full 0):
 garbage-first heap   total 380928K, used 294875K [0x0000000700000000, 0x0000000800000000)
  region size 2048K, 57 young (116736K), 6 survivors (12288K)
 Metaspace       used 105063K, committed 106176K, reserved 983040K
  class space    used 14527K, committed 15040K, reserved 851968K
}
Event: 155.888 GC heap after
{Heap after GC invocations=54 (full 0):
 garbage-first heap   total 380928K, used 199653K [0x0000000700000000, 0x0000000800000000)
  region size 2048K, 5 young (10240K), 5 survivors (10240K)
 Metaspace       used 105063K, committed 106176K, reserved 983040K
  class space    used 14527K, committed 15040K, reserved 851968K
}

Dll operation events (14 events):
Event: 0.022 Loaded shared library C:\Program Files\Microsoft\jdk-17.0.8.7-hotspot\bin\java.dll
Event: 0.072 Loaded shared library C:\Program Files\Microsoft\jdk-17.0.8.7-hotspot\bin\jsvml.dll
Event: 0.235 Loaded shared library C:\Program Files\Microsoft\jdk-17.0.8.7-hotspot\bin\zip.dll
Event: 0.244 Loaded shared library C:\Program Files\Microsoft\jdk-17.0.8.7-hotspot\bin\instrument.dll
Event: 0.257 Loaded shared library C:\Program Files\Microsoft\jdk-17.0.8.7-hotspot\bin\net.dll
Event: 0.262 Loaded shared library C:\Program Files\Microsoft\jdk-17.0.8.7-hotspot\bin\nio.dll
Event: 0.274 Loaded shared library C:\Program Files\Microsoft\jdk-17.0.8.7-hotspot\bin\zip.dll
Event: 0.907 Loaded shared library C:\Program Files\Microsoft\jdk-17.0.8.7-hotspot\bin\jimage.dll
Event: 1.168 Loaded shared library C:\Program Files\Microsoft\jdk-17.0.8.7-hotspot\bin\verify.dll
Event: 1.734 Loaded shared library C:\Users\jpc\.gradle\native\68d5fa5c4cc2d200863cafc0d521ce42e7d3e7ee720ec0a83991735586a16f82\windows-amd64\native-platform.dll
Event: 1.753 Loaded shared library C:\Users\jpc\.gradle\native\e376f236ea51e6404a007f0833ffe2c6e607c4080706a723a18a27aeea778392\windows-amd64\native-platform-file-events.dll
Event: 5.050 Loaded shared library C:\Program Files\Microsoft\jdk-17.0.8.7-hotspot\bin\management.dll
Event: 5.059 Loaded shared library C:\Program Files\Microsoft\jdk-17.0.8.7-hotspot\bin\management_ext.dll
Event: 6.604 Loaded shared library C:\Program Files\Microsoft\jdk-17.0.8.7-hotspot\bin\sunmscapi.dll

Deoptimization events (20 events):
Event: 153.963 Thread 0x0000019358205630 Uncommon trap: trap_request=0xffffffc6 fr.pc=0x000001930fceaba4 relative=0x00000000000006c4
Event: 153.963 Thread 0x0000019358205630 Uncommon trap: reason=bimorphic_or_optimized_type_check action=maybe_recompile pc=0x000001930fceaba4 method=java.util.regex.Matcher.search(I)Z @ 121 c2
Event: 153.963 Thread 0x0000019358205630 DEOPT PACKING pc=0x000001930fceaba4 sp=0x0000008c295f7bb0
Event: 153.963 Thread 0x0000019358205630 DEOPT UNPACKING pc=0x000001930efc69a3 sp=0x0000008c295f7b08 mode 2
Event: 154.118 Thread 0x0000019358205630 Uncommon trap: trap_request=0xffffff76 fr.pc=0x000001930fd44b3c relative=0x000000000000049c
Event: 154.118 Thread 0x0000019358205630 Uncommon trap: reason=predicate action=maybe_recompile pc=0x000001930fd44b3c method=java.util.LinkedList.remove(Ljava/lang/Object;)Z @ 45 c2
Event: 154.118 Thread 0x0000019358205630 DEOPT PACKING pc=0x000001930fd44b3c sp=0x0000008c295fc8e0
Event: 154.118 Thread 0x0000019358205630 DEOPT UNPACKING pc=0x000001930efc69a3 sp=0x0000008c295fc898 mode 2
Event: 154.178 Thread 0x0000019359232500 Uncommon trap: trap_request=0xffffff45 fr.pc=0x000001930f8c2354 relative=0x0000000000000214
Event: 154.178 Thread 0x0000019359232500 Uncommon trap: reason=unstable_if action=reinterpret pc=0x000001930f8c2354 method=com.esotericsoftware.kryo.io.Input.readVarInt(Z)I @ 42 c2
Event: 154.179 Thread 0x0000019359232500 DEOPT PACKING pc=0x000001930f8c2354 sp=0x0000008c2b6fe270
Event: 154.179 Thread 0x0000019359232500 DEOPT UNPACKING pc=0x000001930efc69a3 sp=0x0000008c2b6fe158 mode 2
Event: 154.179 Thread 0x0000019359232500 Uncommon trap: trap_request=0xffffff45 fr.pc=0x000001930f8c2d30 relative=0x00000000000001f0
Event: 154.179 Thread 0x0000019359232500 Uncommon trap: reason=unstable_if action=reinterpret pc=0x000001930f8c2d30 method=com.esotericsoftware.kryo.io.Input.readVarInt(Z)I @ 42 c2
Event: 154.179 Thread 0x0000019359232500 DEOPT PACKING pc=0x000001930f8c2d30 sp=0x0000008c2b6fe1b0
Event: 154.179 Thread 0x0000019359232500 DEOPT UNPACKING pc=0x000001930efc69a3 sp=0x0000008c2b6fe168 mode 2
Event: 154.196 Thread 0x000001935b45d9f0 Uncommon trap: trap_request=0xffffff76 fr.pc=0x000001930f57b87c relative=0x000000000000083c
Event: 154.197 Thread 0x000001935b45d9f0 Uncommon trap: reason=predicate action=maybe_recompile pc=0x000001930f57b87c method=java.util.ComparableTimSort.binarySort([Ljava/lang/Object;III)V @ 34 c2
Event: 154.197 Thread 0x000001935b45d9f0 DEOPT PACKING pc=0x000001930f57b87c sp=0x0000008c28ffb200
Event: 154.197 Thread 0x000001935b45d9f0 DEOPT UNPACKING pc=0x000001930efc69a3 sp=0x0000008c28ffb1a8 mode 2

Classes unloaded (0 events):
No events

Classes redefined (0 events):
No events

Internal exceptions (20 events):
Event: 144.654 Thread 0x0000019359231ae0 Exception <a 'sun/nio/fs/WindowsException'{0x00000007112a77c0}> (0x00000007112a77c0) 
thrown [s\src\hotspot\share\prims\jni.cpp, line 516]
Event: 144.655 Thread 0x0000019359231ae0 Exception <a 'sun/nio/fs/WindowsException'{0x00000007112a8e50}> (0x00000007112a8e50) 
thrown [s\src\hotspot\share\prims\jni.cpp, line 516]
Event: 144.655 Thread 0x0000019359231ae0 Exception <a 'sun/nio/fs/WindowsException'{0x00000007112aa4e0}> (0x00000007112aa4e0) 
thrown [s\src\hotspot\share\prims\jni.cpp, line 516]
Event: 145.172 Thread 0x000001937eec7fc0 Implicit null exception at 0x000001930fb5207d to 0x000001930fb527f4
Event: 145.498 Thread 0x0000019359231ae0 Implicit null exception at 0x000001930fd0932c to 0x000001930fd0a0ec
Event: 145.608 Thread 0x0000019359231ae0 Exception <a 'java/lang/IncompatibleClassChangeError'{0x0000000716b964e8}: Found class java.lang.Object, but interface was expected> (0x0000000716b964e8) 
thrown [s\src\hotspot\share\interpreter\linkResolver.cpp, line 826]
Event: 150.249 Thread 0x000001935820a730 Exception <a 'java/lang/NoSuchMethodError'{0x000000071139f958}: 'void java.lang.invoke.DirectMethodHandle$Holder.invokeStatic(java.lang.Object, java.lang.Object, java.lang.Object, java.lang.Object, int, java.lang.Object, java.lang.Object)'> (0x000000071139f958) 
thrown [s\src\hotspot\share\interpreter\linkResolver.cpp, line 759]
Event: 150.346 Thread 0x000001935b4583e0 Exception <a 'java/lang/NoSuchMethodError'{0x0000000711166258}: 'java.lang.Object java.lang.invoke.DirectMethodHandle$Holder.invokeSpecialIFC(java.lang.Object, java.lang.Object, java.lang.Object)'> (0x0000000711166258) 
thrown [s\src\hotspot\share\interpreter\linkResolver.cpp, line 759]
Event: 150.346 Thread 0x000001935b45f850 Exception <a 'java/lang/NoSuchMethodError'{0x00000007110e7e20}: 'java.lang.Object java.lang.invoke.DirectMethodHandle$Holder.invokeSpecialIFC(java.lang.Object, java.lang.Object, java.lang.Object)'> (0x00000007110e7e20) 
thrown [s\src\hotspot\share\interpreter\linkResolver.cpp, line 759]
Event: 150.346 Thread 0x000001935b45df00 Exception <a 'java/lang/NoSuchMethodError'{0x00000007111884b8}: 'java.lang.Object java.lang.invoke.DirectMethodHandle$Holder.invokeSpecialIFC(java.lang.Object, java.lang.Object, java.lang.Object)'> (0x00000007111884b8) 
thrown [s\src\hotspot\share\interpreter\linkResolver.cpp, line 759]
Event: 150.779 Thread 0x000001935b4583e0 Exception <a 'java/lang/NoSuchMethodError'{0x0000000717162420}: 'void java.lang.invoke.DirectMethodHandle$Holder.invokeVirtual(java.lang.Object, java.lang.Object)'> (0x0000000717162420) 
thrown [s\src\hotspot\share\interpreter\linkResolver.cpp, line 759]
Event: 153.029 Thread 0x000001935b45d9f0 Exception <a 'sun/nio/fs/WindowsException'{0x0000000714708328}> (0x0000000714708328) 
thrown [s\src\hotspot\share\prims\jni.cpp, line 516]
Event: 153.359 Thread 0x000001935b45d9f0 Exception <a 'java/lang/NoSuchMethodError'{0x00000007145576a8}: static Ljava/lang/Object;.<clinit>()V> (0x00000007145576a8) 
thrown [s\src\hotspot\share\prims\jni.cpp, line 1107]
Event: 154.011 Thread 0x0000019358205630 Exception <a 'java/lang/ClassNotFoundException'{0x0000000713ada518}: groovy/util/FileTreeBuilderBeanInfo> (0x0000000713ada518) 
thrown [s\src\hotspot\share\classfile\systemDictionary.cpp, line 256]
Event: 154.036 Thread 0x0000019358205630 Exception <a 'java/lang/ClassNotFoundException'{0x0000000713b40930}: groovy/util/FileTreeBuilderCustomizer> (0x0000000713b40930) 
thrown [s\src\hotspot\share\classfile\systemDictionary.cpp, line 256]
Event: 154.079 Thread 0x0000019358205630 Exception <a 'java/lang/ClassNotFoundException'{0x0000000713b864f0}: java/io/BufferedWriterBeanInfo> (0x0000000713b864f0) 
thrown [s\src\hotspot\share\classfile\systemDictionary.cpp, line 256]
Event: 154.080 Thread 0x0000019358205630 Exception <a 'java/lang/ClassNotFoundException'{0x0000000713b8be40}: java/io/WriterBeanInfo> (0x0000000713b8be40) 
thrown [s\src\hotspot\share\classfile\systemDictionary.cpp, line 256]
Event: 154.081 Thread 0x0000019358205630 Exception <a 'java/lang/ClassNotFoundException'{0x0000000713b91760}: java/io/WriterCustomizer> (0x0000000713b91760) 
thrown [s\src\hotspot\share\classfile\systemDictionary.cpp, line 256]
Event: 154.091 Thread 0x0000019358205630 Exception <a 'java/lang/ClassNotFoundException'{0x0000000713ba06a8}: java/io/BufferedWriterCustomizer> (0x0000000713ba06a8) 
thrown [s\src\hotspot\share\classfile\systemDictionary.cpp, line 256]
Event: 154.199 Thread 0x000001935b45d9f0 Exception <a 'java/lang/NoSuchMethodError'{0x00000007138326d0}: static Lcom/android/build/api/variant/BuildConfigField;.<clinit>()V> (0x00000007138326d0) 
thrown [s\src\hotspot\share\prims\jni.cpp, line 1107]

VM Operations (20 events):
Event: 153.150 Executing VM operation: HandshakeAllThreads
Event: 153.150 Executing VM operation: HandshakeAllThreads done
Event: 153.235 Executing VM operation: ICBufferFull
Event: 153.236 Executing VM operation: ICBufferFull done
Event: 154.053 Executing VM operation: HandshakeAllThreads
Event: 154.053 Executing VM operation: HandshakeAllThreads done
Event: 154.063 Executing VM operation: HandshakeAllThreads
Event: 154.063 Executing VM operation: HandshakeAllThreads done
Event: 154.063 Executing VM operation: HandshakeAllThreads
Event: 154.064 Executing VM operation: HandshakeAllThreads done
Event: 154.068 Executing VM operation: ICBufferFull
Event: 154.068 Executing VM operation: ICBufferFull done
Event: 154.212 Executing VM operation: ICBufferFull
Event: 154.213 Executing VM operation: ICBufferFull done
Event: 155.223 Executing VM operation: Cleanup
Event: 155.224 Executing VM operation: Cleanup done
Event: 155.831 Executing VM operation: G1CollectForAllocation
Event: 155.889 Executing VM operation: G1CollectForAllocation done
Event: 156.889 Executing VM operation: Cleanup
Event: 156.889 Executing VM operation: Cleanup done

Events (20 events):
Event: 153.976 Thread 0x000001935b774030 Thread exited: 0x000001935b774030
Event: 154.079 loading class java/io/BufferedWriterBeanInfo
Event: 154.079 loading class java/io/BufferedWriterBeanInfo done
Event: 154.079 loading class java/io/BufferedWriterBeanInfo
Event: 154.079 loading class java/io/BufferedWriterBeanInfo done
Event: 154.080 loading class java/io/WriterBeanInfo
Event: 154.080 loading class java/io/WriterBeanInfo done
Event: 154.080 loading class java/io/WriterBeanInfo
Event: 154.080 loading class java/io/WriterBeanInfo done
Event: 154.080 loading class java/io/WriterCustomizer
Event: 154.080 loading class java/io/WriterCustomizer done
Event: 154.081 loading class java/io/WriterCustomizer
Event: 154.081 loading class java/io/WriterCustomizer done
Event: 154.091 loading class java/io/BufferedWriterCustomizer
Event: 154.091 loading class java/io/BufferedWriterCustomizer done
Event: 154.091 loading class java/io/BufferedWriterCustomizer
Event: 154.091 loading class java/io/BufferedWriterCustomizer done
Event: 154.130 Thread 0x000001935b772050 Thread added: 0x000001935b772050
Event: 154.421 Thread 0x000001935b772050 Thread exited: 0x000001935b772050
Event: 154.520 Thread 0x000001935b773ae0 Thread added: 0x000001935b773ae0


Dynamic libraries:
0x00007ff6ea620000 - 0x00007ff6ea62e000 	C:\Program Files\Microsoft\jdk-17.0.8.7-hotspot\bin\java.exe
0x00007ffb02090000 - 0x00007ffb02288000 	C:\WINDOWS\SYSTEM32\ntdll.dll
0x00007ffb01890000 - 0x00007ffb0194d000 	C:\WINDOWS\System32\KERNEL32.DLL
0x00007ffaffc20000 - 0x00007ffafff16000 	C:\WINDOWS\System32\KERNELBASE.dll
0x00007ffaff8a0000 - 0x00007ffaff9a0000 	C:\WINDOWS\System32\ucrtbase.dll
0x00007ffac0e20000 - 0x00007ffac0e3b000 	C:\Program Files\Microsoft\jdk-17.0.8.7-hotspot\bin\VCRUNTIME140.dll
0x00007ffadb810000 - 0x00007ffadb827000 	C:\Program Files\Microsoft\jdk-17.0.8.7-hotspot\bin\jli.dll
0x00007ffb01b50000 - 0x00007ffb01cee000 	C:\WINDOWS\System32\USER32.dll
0x00007ffaf18a0000 - 0x00007ffaf1b3a000 	C:\WINDOWS\WinSxS\amd64_microsoft.windows.common-controls_6595b64144ccf1df_6.0.19041.3636_none_60b6a03d71f818d5\COMCTL32.dll
0x00007ffafff70000 - 0x00007ffafff92000 	C:\WINDOWS\System32\win32u.dll
0x00007ffb02020000 - 0x00007ffb0204b000 	C:\WINDOWS\System32\GDI32.dll
0x00007ffb01950000 - 0x00007ffb019ee000 	C:\WINDOWS\System32\msvcrt.dll
0x00007ffafffa0000 - 0x00007ffb000b7000 	C:\WINDOWS\System32\gdi32full.dll
0x00007ffaff9a0000 - 0x00007ffaffa3d000 	C:\WINDOWS\System32\msvcp_win.dll
0x00007ffb01e10000 - 0x00007ffb01e42000 	C:\WINDOWS\System32\IMM32.DLL
0x00007ffaf9bb0000 - 0x00007ffaf9bbc000 	C:\Program Files\Microsoft\jdk-17.0.8.7-hotspot\bin\vcruntime140_1.dll
0x00007ffab3bd0000 - 0x00007ffab3c5d000 	C:\Program Files\Microsoft\jdk-17.0.8.7-hotspot\bin\msvcp140.dll
0x00007ffa8e950000 - 0x00007ffa8f5b5000 	C:\Program Files\Microsoft\jdk-17.0.8.7-hotspot\bin\server\jvm.dll
0x00007ffb00940000 - 0x00007ffb009f0000 	C:\WINDOWS\System32\ADVAPI32.dll
0x00007ffb01f80000 - 0x00007ffb02020000 	C:\WINDOWS\System32\sechost.dll
0x00007ffb01e50000 - 0x00007ffb01f75000 	C:\WINDOWS\System32\RPCRT4.dll
0x00007ffaffa40000 - 0x00007ffaffa67000 	C:\WINDOWS\System32\bcrypt.dll
0x00007ffaf8b80000 - 0x00007ffaf8b89000 	C:\WINDOWS\SYSTEM32\WSOCK32.dll
0x00007ffaff4f0000 - 0x00007ffaff53b000 	C:\WINDOWS\SYSTEM32\POWRPROF.dll
0x00007ffaf6500000 - 0x00007ffaf650a000 	C:\WINDOWS\SYSTEM32\VERSION.dll
0x00007ffb01010000 - 0x00007ffb0107b000 	C:\WINDOWS\System32\WS2_32.dll
0x00007ffaf64d0000 - 0x00007ffaf64f7000 	C:\WINDOWS\SYSTEM32\WINMM.dll
0x00007ffaff4d0000 - 0x00007ffaff4e2000 	C:\WINDOWS\SYSTEM32\UMPDC.dll
0x00007ffafd5f0000 - 0x00007ffafd602000 	C:\WINDOWS\SYSTEM32\kernel.appcore.dll
0x00007ffaf7780000 - 0x00007ffaf778a000 	C:\Program Files\Microsoft\jdk-17.0.8.7-hotspot\bin\jimage.dll
0x00007ffaf16b0000 - 0x00007ffaf1894000 	C:\WINDOWS\SYSTEM32\DBGHELP.DLL
0x00007ffaf15e0000 - 0x00007ffaf1614000 	C:\WINDOWS\SYSTEM32\dbgcore.DLL
0x00007ffaffb20000 - 0x00007ffaffba2000 	C:\WINDOWS\System32\bcryptPrimitives.dll
0x00007ffafb150000 - 0x00007ffafb15e000 	C:\Program Files\Microsoft\jdk-17.0.8.7-hotspot\bin\instrument.dll
0x00007ffabdb70000 - 0x00007ffabdb95000 	C:\Program Files\Microsoft\jdk-17.0.8.7-hotspot\bin\java.dll
0x00007ffa9f400000 - 0x00007ffa9f4d7000 	C:\Program Files\Microsoft\jdk-17.0.8.7-hotspot\bin\jsvml.dll
0x00007ffb00170000 - 0x00007ffb008db000 	C:\WINDOWS\System32\SHELL32.dll
0x00007ffafd7f0000 - 0x00007ffafdf8e000 	C:\WINDOWS\SYSTEM32\windows.storage.dll
0x00007ffb01240000 - 0x00007ffb01593000 	C:\WINDOWS\System32\combase.dll
0x00007ffaff0a0000 - 0x00007ffaff0ce000 	C:\WINDOWS\SYSTEM32\Wldp.dll
0x00007ffb00a10000 - 0x00007ffb00add000 	C:\WINDOWS\System32\OLEAUT32.dll
0x00007ffb000c0000 - 0x00007ffb0016d000 	C:\WINDOWS\System32\SHCORE.dll
0x00007ffb008e0000 - 0x00007ffb00935000 	C:\WINDOWS\System32\shlwapi.dll
0x00007ffaff670000 - 0x00007ffaff695000 	C:\WINDOWS\SYSTEM32\profapi.dll
0x00007ffabb9f0000 - 0x00007ffabba08000 	C:\Program Files\Microsoft\jdk-17.0.8.7-hotspot\bin\zip.dll
0x00007ffabc1d0000 - 0x00007ffabc1e9000 	C:\Program Files\Microsoft\jdk-17.0.8.7-hotspot\bin\net.dll
0x00007ffaf4aa0000 - 0x00007ffaf4baa000 	C:\WINDOWS\SYSTEM32\WINHTTP.dll
0x00007ffafee00000 - 0x00007ffafee6a000 	C:\WINDOWS\system32\mswsock.dll
0x00007ffabc1b0000 - 0x00007ffabc1c6000 	C:\Program Files\Microsoft\jdk-17.0.8.7-hotspot\bin\nio.dll
0x00007ffafb160000 - 0x00007ffafb170000 	C:\Program Files\Microsoft\jdk-17.0.8.7-hotspot\bin\verify.dll
0x00007ffaf77e0000 - 0x00007ffaf7807000 	C:\Users\jpc\.gradle\native\68d5fa5c4cc2d200863cafc0d521ce42e7d3e7ee720ec0a83991735586a16f82\windows-amd64\native-platform.dll
0x00007ffac30d0000 - 0x00007ffac3214000 	C:\Users\jpc\.gradle\native\e376f236ea51e6404a007f0833ffe2c6e607c4080706a723a18a27aeea778392\windows-amd64\native-platform-file-events.dll
0x00007ffafb1d0000 - 0x00007ffafb1d9000 	C:\Program Files\Microsoft\jdk-17.0.8.7-hotspot\bin\management.dll
0x00007ffaef6c0000 - 0x00007ffaef6cb000 	C:\Program Files\Microsoft\jdk-17.0.8.7-hotspot\bin\management_ext.dll
0x00007ffb01a80000 - 0x00007ffb01a88000 	C:\WINDOWS\System32\PSAPI.DLL
0x00007ffafeff0000 - 0x00007ffaff008000 	C:\WINDOWS\SYSTEM32\CRYPTSP.dll
0x00007ffafe730000 - 0x00007ffafe764000 	C:\WINDOWS\system32\rsaenh.dll
0x00007ffaff630000 - 0x00007ffaff65e000 	C:\WINDOWS\SYSTEM32\USERENV.dll
0x00007ffaff010000 - 0x00007ffaff01c000 	C:\WINDOWS\SYSTEM32\CRYPTBASE.dll
0x00007ffafeaf0000 - 0x00007ffafeb2b000 	C:\WINDOWS\SYSTEM32\IPHLPAPI.DLL
0x00007ffb00b90000 - 0x00007ffb00b98000 	C:\WINDOWS\System32\NSI.dll
0x00007ffaf4d30000 - 0x00007ffaf4d47000 	C:\WINDOWS\SYSTEM32\dhcpcsvc6.DLL
0x00007ffaf4e00000 - 0x00007ffaf4e1d000 	C:\WINDOWS\SYSTEM32\dhcpcsvc.DLL
0x00007ffafeb30000 - 0x00007ffafebfb000 	C:\WINDOWS\SYSTEM32\DNSAPI.dll
0x00007ffaef6b0000 - 0x00007ffaef6be000 	C:\Program Files\Microsoft\jdk-17.0.8.7-hotspot\bin\sunmscapi.dll
0x00007ffaff740000 - 0x00007ffaff89d000 	C:\WINDOWS\System32\CRYPT32.dll
0x00007ffaff170000 - 0x00007ffaff198000 	C:\WINDOWS\SYSTEM32\ncrypt.dll
0x00007ffaff130000 - 0x00007ffaff16b000 	C:\WINDOWS\SYSTEM32\NTASN1.dll
0x00007ffac4260000 - 0x00007ffac4267000 	C:\WINDOWS\system32\wshunix.dll
0x00007ffaf5640000 - 0x00007ffaf564a000 	C:\Windows\System32\rasadhlp.dll
0x00007ffaf3f60000 - 0x00007ffaf3fe0000 	C:\WINDOWS\System32\fwpuclnt.dll
0x00007ffaef4c0000 - 0x00007ffaef4d7000 	C:\WINDOWS\system32\napinsp.dll
0x00007ffaef480000 - 0x00007ffaef49b000 	C:\WINDOWS\system32\pnrpnsp.dll
0x00007ffaf9f40000 - 0x00007ffaf9f55000 	C:\WINDOWS\system32\wshbth.dll
0x00007ffafaf10000 - 0x00007ffafaf2d000 	C:\WINDOWS\system32\NLAapi.dll
0x00007ffaef090000 - 0x00007ffaef0a2000 	C:\WINDOWS\System32\winrnr.dll

dbghelp: loaded successfully - version: 4.0.5 - missing functions: none
symbol engine: initialized successfully - sym options: 0x614 - pdb path: .;C:\Program Files\Microsoft\jdk-17.0.8.7-hotspot\bin;C:\WINDOWS\SYSTEM32;C:\WINDOWS\WinSxS\amd64_microsoft.windows.common-controls_6595b64144ccf1df_6.0.19041.3636_none_60b6a03d71f818d5;C:\Program Files\Microsoft\jdk-17.0.8.7-hotspot\bin\server;C:\Users\jpc\.gradle\native\68d5fa5c4cc2d200863cafc0d521ce42e7d3e7ee720ec0a83991735586a16f82\windows-amd64;C:\Users\jpc\.gradle\native\e376f236ea51e6404a007f0833ffe2c6e607c4080706a723a18a27aeea778392\windows-amd64

VM Arguments:
jvm_args: -XX:MaxMetaspaceSize=1024m --add-opens=java.base/java.util=ALL-UNNAMED --add-opens=java.base/java.lang=ALL-UNNAMED --add-opens=java.base/java.lang.invoke=ALL-UNNAMED --add-opens=java.prefs/java.util.prefs=ALL-UNNAMED --add-opens=java.base/java.nio.charset=ALL-UNNAMED --add-opens=java.base/java.net=ALL-UNNAMED --add-opens=java.base/java.util.concurrent.atomic=ALL-UNNAMED -Xmx4096m -Dfile.encoding=windows-1252 -Duser.country=US -Duser.language=en -Duser.variant -javaagent:C:\Users\jpc\.gradle\wrapper\dists\gradle-8.3-all\6en3ugtfdg5xnpx44z4qbwgas\gradle-8.3\lib\agents\gradle-instrumentation-agent-8.3.jar 
java_command: org.gradle.launcher.daemon.bootstrap.GradleDaemon 8.3
java_class_path (initial): C:\Users\jpc\.gradle\wrapper\dists\gradle-8.3-all\6en3ugtfdg5xnpx44z4qbwgas\gradle-8.3\lib\gradle-launcher-8.3.jar
Launcher Type: SUN_STANDARD

[Global flags]
     intx CICompilerCount                          = 3                                         {product} {ergonomic}
   size_t CompressedClassSpaceSize                 = 872415232                                 {product} {ergonomic}
     uint ConcGCThreads                            = 1                                         {product} {ergonomic}
     uint G1ConcRefinementThreads                  = 4                                         {product} {ergonomic}
   size_t G1HeapRegionSize                         = 2097152                                   {product} {ergonomic}
    uintx GCDrainStackTargetSize                   = 64                                        {product} {ergonomic}
   size_t InitialHeapSize                          = 184549376                                 {product} {ergonomic}
   size_t MarkStackSize                            = 4194304                                   {product} {ergonomic}
   size_t MaxHeapSize                              = 4294967296                                {product} {command line}
   size_t MaxMetaspaceSize                         = 1073741824                                {product} {command line}
   size_t MaxNewSize                               = 2575302656                                {product} {ergonomic}
   size_t MinHeapDeltaBytes                        = 2097152                                   {product} {ergonomic}
   size_t MinHeapSize                              = 8388608                                   {product} {ergonomic}
    uintx NonNMethodCodeHeapSize                   = 5832780                                {pd product} {ergonomic}
    uintx NonProfiledCodeHeapSize                  = 122912730                              {pd product} {ergonomic}
    uintx ProfiledCodeHeapSize                     = 122912730                              {pd product} {ergonomic}
    uintx ReservedCodeCacheSize                    = 251658240                              {pd product} {ergonomic}
     bool SegmentedCodeCache                       = true                                      {product} {ergonomic}
   size_t SoftMaxHeapSize                          = 4294967296                             {manageable} {ergonomic}
     bool UseCompressedClassPointers               = true                           {product lp64_product} {ergonomic}
     bool UseCompressedOops                        = true                           {product lp64_product} {ergonomic}
     bool UseG1GC                                  = true                                      {product} {ergonomic}
     bool UseLargePagesIndividualAllocation        = false                                  {pd product} {ergonomic}

Logging:
Log output configuration:
 #0: stdout all=warning uptime,level,tags
 #1: stderr all=off uptime,level,tags

Environment Variables:
JAVA_HOME=C:\Program Files\Microsoft\jdk-17.0.8.7-hotspot\
CLASSPATH=E:\Mywork\IPTVApp\IptvApp\android\\gradle\wrapper\gradle-wrapper.jar
PATH=E:\Mywork\IPTVApp\IptvApp\node_modules\.bin;E:\Mywork\IPTVApp\IptvApp\node_modules\.bin;E:\Mywork\IPTVApp\node_modules\.bin;E:\Mywork\node_modules\.bin;E:\node_modules\.bin;C:\Users\jpc\AppData\Roaming\nvm\v20.11.0\node_modules\npm\node_modules\@npmcli\run-script\lib\node-gyp-bin;C:\Users\jpc\AppData\Local\Temp\yarn--1712642006837-0.3625702434892295;E:\Mywork\IPTVApp\IptvApp\node_modules\.bin;C:\Users\jpc\AppData\Local\Yarn\Data\link\node_modules\.bin;C:\Users\jpc\AppData\Local\Yarn\bin;C:\Program Files\libexec\lib\node_modules\npm\bin\node-gyp-bin;C:\Program Files\lib\node_modules\npm\bin\node-gyp-bin;C:\Program Files\nodejs\node_modules\npm\bin\node-gyp-bin;C:\Program Files\Broadcom\Broadcom 802.11 Network Adapter;C:\WINDOWS\system32;C:\WINDOWS;C:\WINDOWS\System32\Wbem;C:\WINDOWS\System32\WindowsPowerShell\v1.0\;C:\Program Files (x86)\AMD\ATI.ACE\Core-Static;C:\WINDOWS\System32\OpenSSH\;C:\Program Files\Git\cmd;C:\ProgramData\chocolatey\bin;C:\Program Files\php-8.2.0-nts-Win32-vs16-x64;C:\xampp\php;C:\composer;C:\Program Files\Microsoft SQL Server\150\Tools\Binn\;C:\Program Files\Azure Data Studio\bin;C:\Program Files\dotnet\;C:\Program Files\Microsoft\jdk-17.0.8.7-hotspot\bin;C:\Users\jpc\AppData\Roaming\nvm;C:\Program Files\nodejs;C:\Users\jpc\AppData\Local\Android\Sdk\tools;C:\Users\jpc\AppData\Local\Microsoft\WindowsApps;C:\Users\jpc\AppData\Local\Programs\Microsoft VS Code\bin;C:\Users\jpc\AppData\Roaming\Composer\vendor\bin;C:\Program Files\Azure Data Studio\bin;C:\Users\jpc\AppData\Local\Android\Sdk\platform-tools;C:\Users\jpc\AppData\Local\Android\Sdk\platform-tools;C:\Users\jpc\AppData\Roaming\npm;C:\Users\jpc\AppData\Roaming\nvm;C:\Program Files\nodejs
USERNAME=jpc
LANG=en_US.UTF-8
OS=Windows_NT
PROCESSOR_IDENTIFIER=AMD64 Family 22 Model 48 Stepping 1, AuthenticAMD
TMP=C:\Users\jpc\AppData\Local\Temp
TEMP=C:\Users\jpc\AppData\Local\Temp



---------------  S Y S T E M  ---------------

OS:
 Windows 10 , 64 bit Build 19041 (10.0.19041.3636)
OS uptime: 0 days 5:17 hours

CPU: total 4 (initial active 4) (4 cores per cpu, 1 threads per core) family 22 model 48 stepping 1 microcode 0x0, cx8, cmov, fxsr, mmx, 3dnowpref, sse, sse2, sse3, ssse3, sse4a, sse4.1, sse4.2, popcnt, lzcnt, tsc, tscinvbit, avx, aes, clmul, bmi1, vzeroupper, clflush
Processor Information for all 4 processors :
  Max Mhz: 1800, Current Mhz: 1800, Mhz Limit: 1800

Memory: 4k page, system-wide physical 11225M (1596M free)
TotalPageFile size 19417M (AvailPageFile size 4626M)
current process WorkingSet (physical memory assigned to process): 653M, peak: 655M
current process commit charge ("private bytes"): 732M, peak: 735M

vm_info: OpenJDK 64-Bit Server VM (17.0.8+7-LTS) for windows-amd64 JRE (17.0.8+7-LTS), built on Jul  7 2023 17:21:55 by "MicrosoftCorporation" with MS VC++ 16.10 / 16.11 (VS2019)

END.
